[Wed Dec 09 16:47:15 IST 2020] picard.sam.markduplicates.MarkDuplicates INPUT=[results_dna/mapped/62E1AAAXX-2-tumor.sorted.bam] OUTPUT=results_dna/dedup/62E1AAAXX-2-tumor.bam METRICS_FILE=results_dna/qc/dedup/62E1AAAXX-2-tumor.metrics.txt REMOVE_DUPLICATES=true VALIDATION_STRINGENCY=SILENT    MAX_SEQUENCES_FOR_DISK_READ_ENDS_MAP=50000 MAX_FILE_HANDLES_FOR_READ_ENDS_MAP=8000 SORTING_COLLECTION_SIZE_RATIO=0.25 TAG_DUPLICATE_SET_MEMBERS=false REMOVE_SEQUENCING_DUPLICATES=false TAGGING_POLICY=DontTag ASSUME_SORTED=false DUPLICATE_SCORING_STRATEGY=SUM_OF_BASE_QUALITIES PROGRAM_RECORD_ID=MarkDuplicates PROGRAM_GROUP_NAME=MarkDuplicates READ_NAME_REGEX=<optimized capture of last three ':' separated fields as numeric values> OPTICAL_DUPLICATE_PIXEL_DISTANCE=100 VERBOSITY=INFO QUIET=false COMPRESSION_LEVEL=5 MAX_RECORDS_IN_RAM=500000 CREATE_INDEX=false CREATE_MD5_FILE=false GA4GH_CLIENT_SECRETS=client_secrets.json
[Wed Dec 09 16:47:15 IST 2020] Executing as priyanka@actinium on Linux 3.10.0-862.11.6.el7.x86_64 amd64; OpenJDK 64-Bit Server VM 11.0.1+13-LTS; Picard version: 2.9.2-SNAPSHOT
INFO	2020-12-09 16:47:21	MarkDuplicates	Start of doWork freeMemory: 73111264; totalMemory: 77594624; maxMemory: 4294967296
INFO	2020-12-09 16:47:21	MarkDuplicates	Reading input file and constructing read end information.
INFO	2020-12-09 16:47:21	MarkDuplicates	Will retain up to 15561475 data points before spilling to disk.
INFO	2020-12-09 16:47:28	MarkDuplicates	Read     1,000,000 records.  Elapsed time: 00:00:06s.  Time for last 1,000,000:    6s.  Last read position: chr1:43,062,134
INFO	2020-12-09 16:47:28	MarkDuplicates	Tracking 4077 as yet unmatched pairs. 218 records in RAM.
INFO	2020-12-09 16:47:33	MarkDuplicates	Read     2,000,000 records.  Elapsed time: 00:00:11s.  Time for last 1,000,000:    5s.  Last read position: chr1:78,488,041
INFO	2020-12-09 16:47:33	MarkDuplicates	Tracking 5764 as yet unmatched pairs. 255 records in RAM.
INFO	2020-12-09 16:47:39	MarkDuplicates	Read     3,000,000 records.  Elapsed time: 00:00:17s.  Time for last 1,000,000:    5s.  Last read position: chr1:112,989,904
INFO	2020-12-09 16:47:39	MarkDuplicates	Tracking 7356 as yet unmatched pairs. 282 records in RAM.
INFO	2020-12-09 16:47:45	MarkDuplicates	Read     4,000,000 records.  Elapsed time: 00:00:23s.  Time for last 1,000,000:    6s.  Last read position: chr1:143,217,660
INFO	2020-12-09 16:47:45	MarkDuplicates	Tracking 21661 as yet unmatched pairs. 10213 records in RAM.
INFO	2020-12-09 16:47:51	MarkDuplicates	Read     5,000,000 records.  Elapsed time: 00:00:29s.  Time for last 1,000,000:    6s.  Last read position: chr1:175,175,464
INFO	2020-12-09 16:47:51	MarkDuplicates	Tracking 14194 as yet unmatched pairs. 269 records in RAM.
INFO	2020-12-09 16:47:57	MarkDuplicates	Read     6,000,000 records.  Elapsed time: 00:00:35s.  Time for last 1,000,000:    5s.  Last read position: chr1:210,887,096
INFO	2020-12-09 16:47:57	MarkDuplicates	Tracking 15704 as yet unmatched pairs. 170 records in RAM.
INFO	2020-12-09 16:48:03	MarkDuplicates	Read     7,000,000 records.  Elapsed time: 00:00:41s.  Time for last 1,000,000:    5s.  Last read position: chr1:247,741,443
INFO	2020-12-09 16:48:03	MarkDuplicates	Tracking 17863 as yet unmatched pairs. 10 records in RAM.
INFO	2020-12-09 16:48:09	MarkDuplicates	Read     8,000,000 records.  Elapsed time: 00:00:47s.  Time for last 1,000,000:    5s.  Last read position: chr2:34,874,939
INFO	2020-12-09 16:48:09	MarkDuplicates	Tracking 23912 as yet unmatched pairs. 1231 records in RAM.
INFO	2020-12-09 16:48:14	MarkDuplicates	Read     9,000,000 records.  Elapsed time: 00:00:52s.  Time for last 1,000,000:    5s.  Last read position: chr2:69,879,639
INFO	2020-12-09 16:48:14	MarkDuplicates	Tracking 25309 as yet unmatched pairs. 1112 records in RAM.
INFO	2020-12-09 16:48:20	MarkDuplicates	Read    10,000,000 records.  Elapsed time: 00:00:58s.  Time for last 1,000,000:    5s.  Last read position: chr2:106,508,933
INFO	2020-12-09 16:48:20	MarkDuplicates	Tracking 35499 as yet unmatched pairs. 1007 records in RAM.
INFO	2020-12-09 16:48:25	MarkDuplicates	Read    11,000,000 records.  Elapsed time: 00:01:03s.  Time for last 1,000,000:    5s.  Last read position: chr2:142,406,592
INFO	2020-12-09 16:48:25	MarkDuplicates	Tracking 38509 as yet unmatched pairs. 760 records in RAM.
INFO	2020-12-09 16:48:31	MarkDuplicates	Read    12,000,000 records.  Elapsed time: 00:01:09s.  Time for last 1,000,000:    5s.  Last read position: chr2:176,949,485
INFO	2020-12-09 16:48:31	MarkDuplicates	Tracking 39621 as yet unmatched pairs. 542 records in RAM.
INFO	2020-12-09 16:48:37	MarkDuplicates	Read    13,000,000 records.  Elapsed time: 00:01:15s.  Time for last 1,000,000:    5s.  Last read position: chr2:211,400,622
INFO	2020-12-09 16:48:37	MarkDuplicates	Tracking 40834 as yet unmatched pairs. 334 records in RAM.
INFO	2020-12-09 16:48:42	MarkDuplicates	Read    14,000,000 records.  Elapsed time: 00:01:20s.  Time for last 1,000,000:    5s.  Last read position: chr3:6,245,700
INFO	2020-12-09 16:48:42	MarkDuplicates	Tracking 42361 as yet unmatched pairs. 1708 records in RAM.
INFO	2020-12-09 16:48:48	MarkDuplicates	Read    15,000,000 records.  Elapsed time: 00:01:26s.  Time for last 1,000,000:    5s.  Last read position: chr3:41,530,392
INFO	2020-12-09 16:48:48	MarkDuplicates	Tracking 43585 as yet unmatched pairs. 1456 records in RAM.
INFO	2020-12-09 16:49:10	MarkDuplicates	Read    16,000,000 records.  Elapsed time: 00:01:48s.  Time for last 1,000,000:   22s.  Last read position: chr3:77,758,555
INFO	2020-12-09 16:49:10	MarkDuplicates	Tracking 44934 as yet unmatched pairs. 1158 records in RAM.
INFO	2020-12-09 16:49:16	MarkDuplicates	Read    17,000,000 records.  Elapsed time: 00:01:54s.  Time for last 1,000,000:    5s.  Last read position: chr3:107,489,201
INFO	2020-12-09 16:49:16	MarkDuplicates	Tracking 73433 as yet unmatched pairs. 897 records in RAM.
INFO	2020-12-09 16:49:22	MarkDuplicates	Read    18,000,000 records.  Elapsed time: 00:02:00s.  Time for last 1,000,000:    5s.  Last read position: chr3:143,216,963
INFO	2020-12-09 16:49:22	MarkDuplicates	Tracking 74607 as yet unmatched pairs. 577 records in RAM.
INFO	2020-12-09 16:49:28	MarkDuplicates	Read    19,000,000 records.  Elapsed time: 00:02:06s.  Time for last 1,000,000:    5s.  Last read position: chr3:177,767,871
INFO	2020-12-09 16:49:28	MarkDuplicates	Tracking 75610 as yet unmatched pairs. 279 records in RAM.
INFO	2020-12-09 16:49:34	MarkDuplicates	Read    20,000,000 records.  Elapsed time: 00:02:12s.  Time for last 1,000,000:    5s.  Last read position: chr4:17,478,920
INFO	2020-12-09 16:49:34	MarkDuplicates	Tracking 77040 as yet unmatched pairs. 3719 records in RAM.
INFO	2020-12-09 16:49:39	MarkDuplicates	Read    21,000,000 records.  Elapsed time: 00:02:17s.  Time for last 1,000,000:    5s.  Last read position: chr4:49,501,174
INFO	2020-12-09 16:49:39	MarkDuplicates	Tracking 112786 as yet unmatched pairs. 5705 records in RAM.
INFO	2020-12-09 16:49:45	MarkDuplicates	Read    22,000,000 records.  Elapsed time: 00:02:23s.  Time for last 1,000,000:    5s.  Last read position: chr4:81,912,999
INFO	2020-12-09 16:49:45	MarkDuplicates	Tracking 124270 as yet unmatched pairs. 1331 records in RAM.
INFO	2020-12-09 16:49:53	MarkDuplicates	Read    23,000,000 records.  Elapsed time: 00:02:31s.  Time for last 1,000,000:    7s.  Last read position: chr4:116,082,052
INFO	2020-12-09 16:49:53	MarkDuplicates	Tracking 125070 as yet unmatched pairs. 967 records in RAM.
INFO	2020-12-09 16:49:58	MarkDuplicates	Read    24,000,000 records.  Elapsed time: 00:02:36s.  Time for last 1,000,000:    5s.  Last read position: chr4:150,292,443
INFO	2020-12-09 16:49:58	MarkDuplicates	Tracking 125837 as yet unmatched pairs. 575 records in RAM.
INFO	2020-12-09 16:50:04	MarkDuplicates	Read    25,000,000 records.  Elapsed time: 00:02:42s.  Time for last 1,000,000:    5s.  Last read position: chr4:185,050,435
INFO	2020-12-09 16:50:04	MarkDuplicates	Tracking 126688 as yet unmatched pairs. 103 records in RAM.
INFO	2020-12-09 16:50:10	MarkDuplicates	Read    26,000,000 records.  Elapsed time: 00:02:48s.  Time for last 1,000,000:    6s.  Last read position: chr5:30,365,690
INFO	2020-12-09 16:50:10	MarkDuplicates	Tracking 134042 as yet unmatched pairs. 7980 records in RAM.
INFO	2020-12-09 16:50:16	MarkDuplicates	Read    27,000,000 records.  Elapsed time: 00:02:54s.  Time for last 1,000,000:    5s.  Last read position: chr5:64,609,713
INFO	2020-12-09 16:50:16	MarkDuplicates	Tracking 160332 as yet unmatched pairs. 1822 records in RAM.
INFO	2020-12-09 16:50:22	MarkDuplicates	Read    28,000,000 records.  Elapsed time: 00:03:00s.  Time for last 1,000,000:    5s.  Last read position: chr5:100,345,122
INFO	2020-12-09 16:50:22	MarkDuplicates	Tracking 161069 as yet unmatched pairs. 1278 records in RAM.
INFO	2020-12-09 16:50:28	MarkDuplicates	Read    29,000,000 records.  Elapsed time: 00:03:06s.  Time for last 1,000,000:    5s.  Last read position: chr5:134,709,703
INFO	2020-12-09 16:50:28	MarkDuplicates	Tracking 161671 as yet unmatched pairs. 789 records in RAM.
INFO	2020-12-09 16:50:33	MarkDuplicates	Read    30,000,000 records.  Elapsed time: 00:03:11s.  Time for last 1,000,000:    5s.  Last read position: chr5:170,382,776
INFO	2020-12-09 16:50:33	MarkDuplicates	Tracking 162237 as yet unmatched pairs. 233 records in RAM.
INFO	2020-12-09 16:50:39	MarkDuplicates	Read    31,000,000 records.  Elapsed time: 00:03:17s.  Time for last 1,000,000:    5s.  Last read position: chr6:26,308,712
INFO	2020-12-09 16:50:39	MarkDuplicates	Tracking 163082 as yet unmatched pairs. 2612 records in RAM.
INFO	2020-12-09 16:51:23	MarkDuplicates	Read    32,000,000 records.  Elapsed time: 00:04:01s.  Time for last 1,000,000:   44s.  Last read position: chr6:66,152,125
INFO	2020-12-09 16:51:23	MarkDuplicates	Tracking 163782 as yet unmatched pairs. 1953 records in RAM.
INFO	2020-12-09 16:51:29	MarkDuplicates	Read    33,000,000 records.  Elapsed time: 00:04:07s.  Time for last 1,000,000:    5s.  Last read position: chr6:100,430,572
INFO	2020-12-09 16:51:29	MarkDuplicates	Tracking 164269 as yet unmatched pairs. 1425 records in RAM.
INFO	2020-12-09 16:51:34	MarkDuplicates	Read    34,000,000 records.  Elapsed time: 00:04:12s.  Time for last 1,000,000:    5s.  Last read position: chr6:135,351,702
INFO	2020-12-09 16:51:34	MarkDuplicates	Tracking 164814 as yet unmatched pairs. 859 records in RAM.
INFO	2020-12-09 16:51:40	MarkDuplicates	Read    35,000,000 records.  Elapsed time: 00:04:19s.  Time for last 1,000,000:    6s.  Last read position: chr7:1,668,741
INFO	2020-12-09 16:51:40	MarkDuplicates	Tracking 165696 as yet unmatched pairs. 3921 records in RAM.
INFO	2020-12-09 16:51:46	MarkDuplicates	Read    36,000,000 records.  Elapsed time: 00:04:24s.  Time for last 1,000,000:    5s.  Last read position: chr7:37,674,095
INFO	2020-12-09 16:51:46	MarkDuplicates	Tracking 166139 as yet unmatched pairs. 3288 records in RAM.
INFO	2020-12-09 16:51:52	MarkDuplicates	Read    37,000,000 records.  Elapsed time: 00:04:30s.  Time for last 1,000,000:    6s.  Last read position: chr7:72,834,951
INFO	2020-12-09 16:51:52	MarkDuplicates	Tracking 168847 as yet unmatched pairs. 2359 records in RAM.
INFO	2020-12-09 16:51:58	MarkDuplicates	Read    38,000,000 records.  Elapsed time: 00:04:37s.  Time for last 1,000,000:    6s.  Last read position: chr7:109,439,101
INFO	2020-12-09 16:51:58	MarkDuplicates	Tracking 169375 as yet unmatched pairs. 1331 records in RAM.
INFO	2020-12-09 16:52:04	MarkDuplicates	Read    39,000,000 records.  Elapsed time: 00:04:43s.  Time for last 1,000,000:    6s.  Last read position: chr7:144,961,199
INFO	2020-12-09 16:52:04	MarkDuplicates	Tracking 169758 as yet unmatched pairs. 549 records in RAM.
INFO	2020-12-09 16:52:10	MarkDuplicates	Read    40,000,000 records.  Elapsed time: 00:04:49s.  Time for last 1,000,000:    6s.  Last read position: chr8:24,523,666
INFO	2020-12-09 16:52:10	MarkDuplicates	Tracking 170348 as yet unmatched pairs. 2628 records in RAM.
INFO	2020-12-09 16:52:17	MarkDuplicates	Read    41,000,000 records.  Elapsed time: 00:04:55s.  Time for last 1,000,000:    6s.  Last read position: chr8:59,991,327
INFO	2020-12-09 16:52:17	MarkDuplicates	Tracking 170663 as yet unmatched pairs. 1936 records in RAM.
INFO	2020-12-09 16:52:23	MarkDuplicates	Read    42,000,000 records.  Elapsed time: 00:05:01s.  Time for last 1,000,000:    5s.  Last read position: chr8:93,702,809
INFO	2020-12-09 16:52:23	MarkDuplicates	Tracking 170847 as yet unmatched pairs. 1243 records in RAM.
INFO	2020-12-09 16:52:29	MarkDuplicates	Read    43,000,000 records.  Elapsed time: 00:05:07s.  Time for last 1,000,000:    6s.  Last read position: chr8:128,396,771
INFO	2020-12-09 16:52:29	MarkDuplicates	Tracking 170935 as yet unmatched pairs. 470 records in RAM.
INFO	2020-12-09 16:52:35	MarkDuplicates	Read    44,000,000 records.  Elapsed time: 00:05:13s.  Time for last 1,000,000:    6s.  Last read position: chr9:20,039,382
INFO	2020-12-09 16:52:35	MarkDuplicates	Tracking 171202 as yet unmatched pairs. 3107 records in RAM.
INFO	2020-12-09 16:52:42	MarkDuplicates	Read    45,000,000 records.  Elapsed time: 00:05:20s.  Time for last 1,000,000:    6s.  Last read position: chr9:69,701,345
INFO	2020-12-09 16:52:42	MarkDuplicates	Tracking 172770 as yet unmatched pairs. 2032 records in RAM.
INFO	2020-12-09 16:52:48	MarkDuplicates	Read    46,000,000 records.  Elapsed time: 00:05:26s.  Time for last 1,000,000:    6s.  Last read position: chr9:105,693,855
INFO	2020-12-09 16:52:48	MarkDuplicates	Tracking 173122 as yet unmatched pairs. 998 records in RAM.
INFO	2020-12-09 16:53:11	MarkDuplicates	Read    47,000,000 records.  Elapsed time: 00:05:49s.  Time for last 1,000,000:   22s.  Last read position: chr10:7,154,397
INFO	2020-12-09 16:53:11	MarkDuplicates	Tracking 173148 as yet unmatched pairs. 12121 records in RAM.
INFO	2020-12-09 16:53:17	MarkDuplicates	Read    48,000,000 records.  Elapsed time: 00:05:55s.  Time for last 1,000,000:    5s.  Last read position: chr10:41,854,994
INFO	2020-12-09 16:53:17	MarkDuplicates	Tracking 176958 as yet unmatched pairs. 10873 records in RAM.
INFO	2020-12-09 16:53:23	MarkDuplicates	Read    49,000,000 records.  Elapsed time: 00:06:01s.  Time for last 1,000,000:    5s.  Last read position: chr10:75,724,830
INFO	2020-12-09 16:53:23	MarkDuplicates	Tracking 179238 as yet unmatched pairs. 2480 records in RAM.
INFO	2020-12-09 16:53:28	MarkDuplicates	Read    50,000,000 records.  Elapsed time: 00:06:06s.  Time for last 1,000,000:    5s.  Last read position: chr10:111,843,351
INFO	2020-12-09 16:53:28	MarkDuplicates	Tracking 179020 as yet unmatched pairs. 1404 records in RAM.
INFO	2020-12-09 16:53:34	MarkDuplicates	Read    51,000,000 records.  Elapsed time: 00:06:12s.  Time for last 1,000,000:    5s.  Last read position: chr11:16,836,630
INFO	2020-12-09 16:53:34	MarkDuplicates	Tracking 183472 as yet unmatched pairs. 3340 records in RAM.
INFO	2020-12-09 16:53:39	MarkDuplicates	Read    52,000,000 records.  Elapsed time: 00:06:17s.  Time for last 1,000,000:    5s.  Last read position: chr11:52,676,485
INFO	2020-12-09 16:53:39	MarkDuplicates	Tracking 183949 as yet unmatched pairs. 2818 records in RAM.
INFO	2020-12-09 16:53:45	MarkDuplicates	Read    53,000,000 records.  Elapsed time: 00:06:23s.  Time for last 1,000,000:    5s.  Last read position: chr11:91,174,028
INFO	2020-12-09 16:53:45	MarkDuplicates	Tracking 183366 as yet unmatched pairs. 1182 records in RAM.
INFO	2020-12-09 16:53:50	MarkDuplicates	Read    54,000,000 records.  Elapsed time: 00:06:28s.  Time for last 1,000,000:    5s.  Last read position: chr11:131,792,427
INFO	2020-12-09 16:53:50	MarkDuplicates	Tracking 183133 as yet unmatched pairs. 109 records in RAM.
INFO	2020-12-09 16:53:56	MarkDuplicates	Read    55,000,000 records.  Elapsed time: 00:06:34s.  Time for last 1,000,000:    6s.  Last read position: chr12:33,491,925
INFO	2020-12-09 16:53:56	MarkDuplicates	Tracking 182872 as yet unmatched pairs. 7352 records in RAM.
INFO	2020-12-09 16:54:02	MarkDuplicates	Read    56,000,000 records.  Elapsed time: 00:06:40s.  Time for last 1,000,000:    5s.  Last read position: chr12:67,508,810
INFO	2020-12-09 16:54:02	MarkDuplicates	Tracking 180793 as yet unmatched pairs. 2478 records in RAM.
INFO	2020-12-09 16:54:07	MarkDuplicates	Read    57,000,000 records.  Elapsed time: 00:06:46s.  Time for last 1,000,000:    5s.  Last read position: chr12:101,947,407
INFO	2020-12-09 16:54:07	MarkDuplicates	Tracking 180265 as yet unmatched pairs. 1441 records in RAM.
INFO	2020-12-09 16:54:14	MarkDuplicates	Read    58,000,000 records.  Elapsed time: 00:06:52s.  Time for last 1,000,000:    6s.  Last read position: chr13:17,548,507
INFO	2020-12-09 16:54:14	MarkDuplicates	Tracking 180690 as yet unmatched pairs. 3469 records in RAM.
INFO	2020-12-09 16:54:20	MarkDuplicates	Read    59,000,000 records.  Elapsed time: 00:06:58s.  Time for last 1,000,000:    6s.  Last read position: chr13:54,399,960
INFO	2020-12-09 16:54:20	MarkDuplicates	Tracking 179782 as yet unmatched pairs. 1852 records in RAM.
INFO	2020-12-09 16:54:25	MarkDuplicates	Read    60,000,000 records.  Elapsed time: 00:07:04s.  Time for last 1,000,000:    5s.  Last read position: chr13:90,274,159
INFO	2020-12-09 16:54:25	MarkDuplicates	Tracking 179272 as yet unmatched pairs. 796 records in RAM.
INFO	2020-12-09 16:54:31	MarkDuplicates	Read    61,000,000 records.  Elapsed time: 00:07:09s.  Time for last 1,000,000:    5s.  Last read position: chr14:29,493,281
INFO	2020-12-09 16:54:31	MarkDuplicates	Tracking 179918 as yet unmatched pairs. 2939 records in RAM.
INFO	2020-12-09 16:54:37	MarkDuplicates	Read    62,000,000 records.  Elapsed time: 00:07:15s.  Time for last 1,000,000:    5s.  Last read position: chr14:64,198,998
INFO	2020-12-09 16:54:37	MarkDuplicates	Tracking 179123 as yet unmatched pairs. 1681 records in RAM.
INFO	2020-12-09 16:55:01	MarkDuplicates	Read    63,000,000 records.  Elapsed time: 00:07:39s.  Time for last 1,000,000:   24s.  Last read position: chr14:101,872,814
INFO	2020-12-09 16:55:01	MarkDuplicates	Tracking 178313 as yet unmatched pairs. 202 records in RAM.
INFO	2020-12-09 16:55:28	MarkDuplicates	Read    64,000,000 records.  Elapsed time: 00:08:07s.  Time for last 1,000,000:   27s.  Last read position: chr15:51,960,890
INFO	2020-12-09 16:55:28	MarkDuplicates	Tracking 179293 as yet unmatched pairs. 2181 records in RAM.
INFO	2020-12-09 16:55:34	MarkDuplicates	Read    65,000,000 records.  Elapsed time: 00:08:12s.  Time for last 1,000,000:    5s.  Last read position: chr15:89,734,841
INFO	2020-12-09 16:55:34	MarkDuplicates	Tracking 178234 as yet unmatched pairs. 486 records in RAM.
INFO	2020-12-09 16:55:41	MarkDuplicates	Read    66,000,000 records.  Elapsed time: 00:08:19s.  Time for last 1,000,000:    6s.  Last read position: chr16:28,250,756
INFO	2020-12-09 16:55:41	MarkDuplicates	Tracking 177305 as yet unmatched pairs. 4712 records in RAM.
INFO	2020-12-09 16:55:47	MarkDuplicates	Read    67,000,000 records.  Elapsed time: 00:08:25s.  Time for last 1,000,000:    5s.  Last read position: chr16:62,688,960
INFO	2020-12-09 16:55:47	MarkDuplicates	Tracking 178705 as yet unmatched pairs. 1749 records in RAM.
INFO	2020-12-09 16:55:53	MarkDuplicates	Read    68,000,000 records.  Elapsed time: 00:08:31s.  Time for last 1,000,000:    6s.  Last read position: chr17:13,393,153
INFO	2020-12-09 16:55:53	MarkDuplicates	Tracking 177042 as yet unmatched pairs. 6948 records in RAM.
INFO	2020-12-09 16:55:59	MarkDuplicates	Read    69,000,000 records.  Elapsed time: 00:08:38s.  Time for last 1,000,000:    6s.  Last read position: chr17:54,028,616
INFO	2020-12-09 16:55:59	MarkDuplicates	Tracking 180672 as yet unmatched pairs. 1656 records in RAM.
INFO	2020-12-09 16:56:06	MarkDuplicates	Read    70,000,000 records.  Elapsed time: 00:08:44s.  Time for last 1,000,000:    6s.  Last read position: chr18:9,922,813
INFO	2020-12-09 16:56:06	MarkDuplicates	Tracking 184893 as yet unmatched pairs. 3002 records in RAM.
INFO	2020-12-09 16:56:12	MarkDuplicates	Read    71,000,000 records.  Elapsed time: 00:08:50s.  Time for last 1,000,000:    5s.  Last read position: chr18:43,275,934
INFO	2020-12-09 16:56:12	MarkDuplicates	Tracking 184016 as yet unmatched pairs. 1618 records in RAM.
INFO	2020-12-09 16:56:18	MarkDuplicates	Read    72,000,000 records.  Elapsed time: 00:08:56s.  Time for last 1,000,000:    6s.  Last read position: chr18:79,100,265
INFO	2020-12-09 16:56:18	MarkDuplicates	Tracking 182942 as yet unmatched pairs. 85 records in RAM.
INFO	2020-12-09 16:56:24	MarkDuplicates	Read    73,000,000 records.  Elapsed time: 00:09:03s.  Time for last 1,000,000:    6s.  Last read position: chr19:47,336,523
INFO	2020-12-09 16:56:24	MarkDuplicates	Tracking 180611 as yet unmatched pairs. 769 records in RAM.
INFO	2020-12-09 16:56:31	MarkDuplicates	Read    74,000,000 records.  Elapsed time: 00:09:09s.  Time for last 1,000,000:    6s.  Last read position: chr20:26,807,085
INFO	2020-12-09 16:56:31	MarkDuplicates	Tracking 179953 as yet unmatched pairs. 9565 records in RAM.
INFO	2020-12-09 16:56:37	MarkDuplicates	Read    75,000,000 records.  Elapsed time: 00:09:15s.  Time for last 1,000,000:    6s.  Last read position: chr20:60,753,301
INFO	2020-12-09 16:56:37	MarkDuplicates	Tracking 181587 as yet unmatched pairs. 294 records in RAM.
INFO	2020-12-09 16:56:43	MarkDuplicates	Read    76,000,000 records.  Elapsed time: 00:09:22s.  Time for last 1,000,000:    6s.  Last read position: chr21:37,182,293
INFO	2020-12-09 16:56:43	MarkDuplicates	Tracking 184814 as yet unmatched pairs. 772 records in RAM.
INFO	2020-12-09 16:56:50	MarkDuplicates	Read    77,000,000 records.  Elapsed time: 00:09:29s.  Time for last 1,000,000:    6s.  Last read position: chr22:44,673,941
INFO	2020-12-09 16:56:50	MarkDuplicates	Tracking 182455 as yet unmatched pairs. 486 records in RAM.
INFO	2020-12-09 16:56:57	MarkDuplicates	Read    78,000,000 records.  Elapsed time: 00:09:35s.  Time for last 1,000,000:    6s.  Last read position: chrX:60,282,142
INFO	2020-12-09 16:56:57	MarkDuplicates	Tracking 180224 as yet unmatched pairs. 3462 records in RAM.
INFO	2020-12-09 16:57:20	MarkDuplicates	Read    79,000,000 records.  Elapsed time: 00:09:58s.  Time for last 1,000,000:   22s.  Last read position: chrX:128,315,610
INFO	2020-12-09 16:57:20	MarkDuplicates	Tracking 178153 as yet unmatched pairs. 1031 records in RAM.
INFO	2020-12-09 16:57:26	MarkDuplicates	Read    80,000,000 records.  Elapsed time: 00:10:04s.  Time for last 1,000,000:    6s.  Last read position: chrY:56,719,286
INFO	2020-12-09 16:57:26	MarkDuplicates	Tracking 184029 as yet unmatched pairs. 3857 records in RAM.
INFO	2020-12-09 16:57:35	MarkDuplicates	Read    81,000,000 records.  Elapsed time: 00:10:13s.  Time for last 1,000,000:    8s.  Last read position: chrUn_KI270374v1:879
INFO	2020-12-09 16:57:35	MarkDuplicates	Tracking 158224 as yet unmatched pairs. 2 records in RAM.
INFO	2020-12-09 16:57:42	MarkDuplicates	Read    82,000,000 records.  Elapsed time: 00:10:20s.  Time for last 1,000,000:    7s.  Last read position: chr15_KI270905v1_alt:3,467,946
INFO	2020-12-09 16:57:42	MarkDuplicates	Tracking 138685 as yet unmatched pairs. 88 records in RAM.
INFO	2020-12-09 16:57:52	MarkDuplicates	Read    83,000,000 records.  Elapsed time: 00:10:31s.  Time for last 1,000,000:   10s.  Last read position: chrUn_JTFH01000018v1_decoy:4,456
INFO	2020-12-09 16:57:52	MarkDuplicates	Tracking 69988 as yet unmatched pairs. 16 records in RAM.
INFO	2020-12-09 16:57:57	MarkDuplicates	Read 83219249 records. 0 pairs never matched.
INFO	2020-12-09 16:58:17	MarkDuplicates	After buildSortedReadEndLists freeMemory: 280108840; totalMemory: 287309824; maxMemory: 4294967296
INFO	2020-12-09 16:58:17	MarkDuplicates	Will retain up to 134217728 duplicate indices before spilling to disk.
INFO	2020-12-09 16:58:18	MarkDuplicates	Traversing read pair information and detecting duplicates.
INFO	2020-12-09 16:58:41	MarkDuplicates	Traversing fragment information and detecting duplicates.
INFO	2020-12-09 16:59:18	MarkDuplicates	Sorting list of duplicate records.
INFO	2020-12-09 16:59:18	MarkDuplicates	After generateDuplicateIndexes freeMemory: 768097456; totalMemory: 1849688064; maxMemory: 4294967296
INFO	2020-12-09 16:59:18	MarkDuplicates	Marking 3433971 records as duplicates.
INFO	2020-12-09 16:59:18	MarkDuplicates	Found 402465 optical duplicate clusters.
INFO	2020-12-09 16:59:18	MarkDuplicates	Reads are assumed to be ordered by: coordinate
INFO	2020-12-09 17:03:50	MarkDuplicates	Written    10,000,000 records.  Elapsed time: 00:04:31s.  Time for last 10,000,000:  271s.  Last read position: chr2:125,143,209
INFO	2020-12-09 17:08:19	MarkDuplicates	Written    20,000,000 records.  Elapsed time: 00:09:00s.  Time for last 10,000,000:  269s.  Last read position: chr4:49,146,609
INFO	2020-12-09 17:12:49	MarkDuplicates	Written    30,000,000 records.  Elapsed time: 00:13:30s.  Time for last 10,000,000:  269s.  Last read position: chr6:45,546,303
INFO	2020-12-09 17:17:17	MarkDuplicates	Written    40,000,000 records.  Elapsed time: 00:17:58s.  Time for last 10,000,000:  267s.  Last read position: chr8:86,445,827
INFO	2020-12-09 17:21:47	MarkDuplicates	Written    50,000,000 records.  Elapsed time: 00:22:28s.  Time for last 10,000,000:  269s.  Last read position: chr11:59,066,940
INFO	2020-12-09 17:26:22	MarkDuplicates	Written    60,000,000 records.  Elapsed time: 00:27:04s.  Time for last 10,000,000:  275s.  Last read position: chr14:85,025,184
INFO	2020-12-09 17:30:51	MarkDuplicates	Written    70,000,000 records.  Elapsed time: 00:31:32s.  Time for last 10,000,000:  268s.  Last read position: chr19:46,140,634
INFO	2020-12-09 17:35:24	MarkDuplicates	Before output close freeMemory: 104472744; totalMemory: 112197632; maxMemory: 4294967296
INFO	2020-12-09 17:35:24	MarkDuplicates	After output close freeMemory: 35165464; totalMemory: 41943040; maxMemory: 4294967296
[Wed Dec 09 17:35:24 IST 2020] picard.sam.markduplicates.MarkDuplicates done. Elapsed time: 48.16 minutes.
Runtime.totalMemory()=41943040
