[Wed Dec 09 13:24:22 IST 2020] picard.sam.markduplicates.MarkDuplicates INPUT=[results_dna/mapped/62E1AAAXX-3-normal.sorted.bam] OUTPUT=results_dna/dedup/62E1AAAXX-3-normal.bam METRICS_FILE=results_dna/qc/dedup/62E1AAAXX-3-normal.metrics.txt REMOVE_DUPLICATES=true VALIDATION_STRINGENCY=SILENT    MAX_SEQUENCES_FOR_DISK_READ_ENDS_MAP=50000 MAX_FILE_HANDLES_FOR_READ_ENDS_MAP=8000 SORTING_COLLECTION_SIZE_RATIO=0.25 TAG_DUPLICATE_SET_MEMBERS=false REMOVE_SEQUENCING_DUPLICATES=false TAGGING_POLICY=DontTag ASSUME_SORTED=false DUPLICATE_SCORING_STRATEGY=SUM_OF_BASE_QUALITIES PROGRAM_RECORD_ID=MarkDuplicates PROGRAM_GROUP_NAME=MarkDuplicates READ_NAME_REGEX=<optimized capture of last three ':' separated fields as numeric values> OPTICAL_DUPLICATE_PIXEL_DISTANCE=100 VERBOSITY=INFO QUIET=false COMPRESSION_LEVEL=5 MAX_RECORDS_IN_RAM=500000 CREATE_INDEX=false CREATE_MD5_FILE=false GA4GH_CLIENT_SECRETS=client_secrets.json
[Wed Dec 09 13:24:22 IST 2020] Executing as priyanka@actinium on Linux 3.10.0-862.11.6.el7.x86_64 amd64; OpenJDK 64-Bit Server VM 11.0.1+13-LTS; Picard version: 2.9.2-SNAPSHOT
INFO	2020-12-09 13:24:29	MarkDuplicates	Start of doWork freeMemory: 73111184; totalMemory: 77594624; maxMemory: 4294967296
INFO	2020-12-09 13:24:29	MarkDuplicates	Reading input file and constructing read end information.
INFO	2020-12-09 13:24:29	MarkDuplicates	Will retain up to 15561475 data points before spilling to disk.
INFO	2020-12-09 13:24:36	MarkDuplicates	Read     1,000,000 records.  Elapsed time: 00:00:06s.  Time for last 1,000,000:    6s.  Last read position: chr1:43,239,227
INFO	2020-12-09 13:24:36	MarkDuplicates	Tracking 4826 as yet unmatched pairs. 211 records in RAM.
INFO	2020-12-09 13:24:41	MarkDuplicates	Read     2,000,000 records.  Elapsed time: 00:00:12s.  Time for last 1,000,000:    5s.  Last read position: chr1:78,462,914
INFO	2020-12-09 13:24:41	MarkDuplicates	Tracking 6863 as yet unmatched pairs. 302 records in RAM.
INFO	2020-12-09 13:24:47	MarkDuplicates	Read     3,000,000 records.  Elapsed time: 00:00:18s.  Time for last 1,000,000:    5s.  Last read position: chr1:112,632,905
INFO	2020-12-09 13:24:47	MarkDuplicates	Tracking 8672 as yet unmatched pairs. 314 records in RAM.
INFO	2020-12-09 13:24:53	MarkDuplicates	Read     4,000,000 records.  Elapsed time: 00:00:23s.  Time for last 1,000,000:    5s.  Last read position: chr1:143,217,067
INFO	2020-12-09 13:24:53	MarkDuplicates	Tracking 21254 as yet unmatched pairs. 8015 records in RAM.
INFO	2020-12-09 13:24:59	MarkDuplicates	Read     5,000,000 records.  Elapsed time: 00:00:29s.  Time for last 1,000,000:    6s.  Last read position: chr1:174,583,443
INFO	2020-12-09 13:24:59	MarkDuplicates	Tracking 16658 as yet unmatched pairs. 301 records in RAM.
INFO	2020-12-09 13:25:05	MarkDuplicates	Read     6,000,000 records.  Elapsed time: 00:00:36s.  Time for last 1,000,000:    6s.  Last read position: chr1:210,091,628
INFO	2020-12-09 13:25:05	MarkDuplicates	Tracking 18538 as yet unmatched pairs. 189 records in RAM.
INFO	2020-12-09 13:25:11	MarkDuplicates	Read     7,000,000 records.  Elapsed time: 00:00:41s.  Time for last 1,000,000:    5s.  Last read position: chr1:246,770,796
INFO	2020-12-09 13:25:11	MarkDuplicates	Tracking 21151 as yet unmatched pairs. 22 records in RAM.
INFO	2020-12-09 13:25:17	MarkDuplicates	Read     8,000,000 records.  Elapsed time: 00:00:47s.  Time for last 1,000,000:    5s.  Last read position: chr2:34,425,627
INFO	2020-12-09 13:25:17	MarkDuplicates	Tracking 28401 as yet unmatched pairs. 1596 records in RAM.
INFO	2020-12-09 13:25:23	MarkDuplicates	Read     9,000,000 records.  Elapsed time: 00:00:53s.  Time for last 1,000,000:    5s.  Last read position: chr2:69,497,054
INFO	2020-12-09 13:25:23	MarkDuplicates	Tracking 30102 as yet unmatched pairs. 1467 records in RAM.
INFO	2020-12-09 13:25:29	MarkDuplicates	Read    10,000,000 records.  Elapsed time: 00:00:59s.  Time for last 1,000,000:    6s.  Last read position: chr2:105,899,662
INFO	2020-12-09 13:25:29	MarkDuplicates	Tracking 40678 as yet unmatched pairs. 1330 records in RAM.
INFO	2020-12-09 13:25:35	MarkDuplicates	Read    11,000,000 records.  Elapsed time: 00:01:05s.  Time for last 1,000,000:    5s.  Last read position: chr2:141,648,819
INFO	2020-12-09 13:25:35	MarkDuplicates	Tracking 43898 as yet unmatched pairs. 950 records in RAM.
INFO	2020-12-09 13:25:40	MarkDuplicates	Read    12,000,000 records.  Elapsed time: 00:01:10s.  Time for last 1,000,000:    5s.  Last read position: chr2:175,649,345
INFO	2020-12-09 13:25:40	MarkDuplicates	Tracking 45362 as yet unmatched pairs. 697 records in RAM.
INFO	2020-12-09 13:25:45	MarkDuplicates	Read    13,000,000 records.  Elapsed time: 00:01:16s.  Time for last 1,000,000:    5s.  Last read position: chr2:209,811,365
INFO	2020-12-09 13:25:45	MarkDuplicates	Tracking 46816 as yet unmatched pairs. 413 records in RAM.
INFO	2020-12-09 13:25:50	MarkDuplicates	Read    14,000,000 records.  Elapsed time: 00:01:21s.  Time for last 1,000,000:    5s.  Last read position: chr3:4,564,424
INFO	2020-12-09 13:25:50	MarkDuplicates	Tracking 48691 as yet unmatched pairs. 2255 records in RAM.
INFO	2020-12-09 13:25:56	MarkDuplicates	Read    15,000,000 records.  Elapsed time: 00:01:26s.  Time for last 1,000,000:    5s.  Last read position: chr3:39,897,967
INFO	2020-12-09 13:25:56	MarkDuplicates	Tracking 50196 as yet unmatched pairs. 1951 records in RAM.
INFO	2020-12-09 13:26:17	MarkDuplicates	Read    16,000,000 records.  Elapsed time: 00:01:47s.  Time for last 1,000,000:   20s.  Last read position: chr3:76,093,434
INFO	2020-12-09 13:26:17	MarkDuplicates	Tracking 51809 as yet unmatched pairs. 1563 records in RAM.
INFO	2020-12-09 13:26:23	MarkDuplicates	Read    17,000,000 records.  Elapsed time: 00:01:53s.  Time for last 1,000,000:    5s.  Last read position: chr3:104,981,358
INFO	2020-12-09 13:26:23	MarkDuplicates	Tracking 84627 as yet unmatched pairs. 1265 records in RAM.
INFO	2020-12-09 13:26:29	MarkDuplicates	Read    18,000,000 records.  Elapsed time: 00:01:59s.  Time for last 1,000,000:    5s.  Last read position: chr3:140,375,773
INFO	2020-12-09 13:26:29	MarkDuplicates	Tracking 85947 as yet unmatched pairs. 819 records in RAM.
INFO	2020-12-09 13:26:33	MarkDuplicates	Read    19,000,000 records.  Elapsed time: 00:02:04s.  Time for last 1,000,000:    4s.  Last read position: chr3:174,810,640
INFO	2020-12-09 13:26:33	MarkDuplicates	Tracking 87055 as yet unmatched pairs. 416 records in RAM.
INFO	2020-12-09 13:26:38	MarkDuplicates	Read    20,000,000 records.  Elapsed time: 00:02:08s.  Time for last 1,000,000:    4s.  Last read position: chr4:14,575,244
INFO	2020-12-09 13:26:38	MarkDuplicates	Tracking 88710 as yet unmatched pairs. 4302 records in RAM.
INFO	2020-12-09 13:26:43	MarkDuplicates	Read    21,000,000 records.  Elapsed time: 00:02:13s.  Time for last 1,000,000:    4s.  Last read position: chr4:48,821,500
INFO	2020-12-09 13:26:43	MarkDuplicates	Tracking 89971 as yet unmatched pairs. 3814 records in RAM.
INFO	2020-12-09 13:26:48	MarkDuplicates	Read    22,000,000 records.  Elapsed time: 00:02:18s.  Time for last 1,000,000:    5s.  Last read position: chr4:78,157,957
INFO	2020-12-09 13:26:48	MarkDuplicates	Tracking 135134 as yet unmatched pairs. 1738 records in RAM.
INFO	2020-12-09 13:26:54	MarkDuplicates	Read    23,000,000 records.  Elapsed time: 00:02:24s.  Time for last 1,000,000:    5s.  Last read position: chr4:111,891,293
INFO	2020-12-09 13:26:54	MarkDuplicates	Tracking 136215 as yet unmatched pairs. 1302 records in RAM.
INFO	2020-12-09 13:26:59	MarkDuplicates	Read    24,000,000 records.  Elapsed time: 00:02:30s.  Time for last 1,000,000:    5s.  Last read position: chr4:145,779,713
INFO	2020-12-09 13:26:59	MarkDuplicates	Tracking 137282 as yet unmatched pairs. 725 records in RAM.
INFO	2020-12-09 13:27:05	MarkDuplicates	Read    25,000,000 records.  Elapsed time: 00:02:35s.  Time for last 1,000,000:    5s.  Last read position: chr4:179,862,100
INFO	2020-12-09 13:27:05	MarkDuplicates	Tracking 138216 as yet unmatched pairs. 240 records in RAM.
INFO	2020-12-09 13:27:11	MarkDuplicates	Read    26,000,000 records.  Elapsed time: 00:02:41s.  Time for last 1,000,000:    5s.  Last read position: chr5:25,046,802
INFO	2020-12-09 13:27:11	MarkDuplicates	Tracking 145651 as yet unmatched pairs. 8547 records in RAM.
INFO	2020-12-09 13:27:16	MarkDuplicates	Read    27,000,000 records.  Elapsed time: 00:02:46s.  Time for last 1,000,000:    5s.  Last read position: chr5:59,347,193
INFO	2020-12-09 13:27:16	MarkDuplicates	Tracking 169717 as yet unmatched pairs. 2471 records in RAM.
INFO	2020-12-09 13:27:21	MarkDuplicates	Read    28,000,000 records.  Elapsed time: 00:02:52s.  Time for last 1,000,000:    5s.  Last read position: chr5:94,718,752
INFO	2020-12-09 13:27:21	MarkDuplicates	Tracking 170597 as yet unmatched pairs. 1816 records in RAM.
INFO	2020-12-09 13:27:26	MarkDuplicates	Read    29,000,000 records.  Elapsed time: 00:02:57s.  Time for last 1,000,000:    5s.  Last read position: chr5:128,483,939
INFO	2020-12-09 13:27:26	MarkDuplicates	Tracking 171395 as yet unmatched pairs. 1204 records in RAM.
INFO	2020-12-09 13:27:31	MarkDuplicates	Read    30,000,000 records.  Elapsed time: 00:03:02s.  Time for last 1,000,000:    5s.  Last read position: chr5:164,249,926
INFO	2020-12-09 13:27:31	MarkDuplicates	Tracking 172162 as yet unmatched pairs. 430 records in RAM.
INFO	2020-12-09 13:27:36	MarkDuplicates	Read    31,000,000 records.  Elapsed time: 00:03:07s.  Time for last 1,000,000:    4s.  Last read position: chr6:19,976,351
INFO	2020-12-09 13:27:36	MarkDuplicates	Tracking 173146 as yet unmatched pairs. 3283 records in RAM.
INFO	2020-12-09 13:28:15	MarkDuplicates	Read    32,000,000 records.  Elapsed time: 00:03:46s.  Time for last 1,000,000:   39s.  Last read position: chr6:59,556,393
INFO	2020-12-09 13:28:15	MarkDuplicates	Tracking 174456 as yet unmatched pairs. 2781 records in RAM.
INFO	2020-12-09 13:28:20	MarkDuplicates	Read    33,000,000 records.  Elapsed time: 00:03:50s.  Time for last 1,000,000:    4s.  Last read position: chr6:93,733,624
INFO	2020-12-09 13:28:20	MarkDuplicates	Tracking 174720 as yet unmatched pairs. 1731 records in RAM.
INFO	2020-12-09 13:28:25	MarkDuplicates	Read    34,000,000 records.  Elapsed time: 00:03:56s.  Time for last 1,000,000:    5s.  Last read position: chr6:128,023,919
INFO	2020-12-09 13:28:25	MarkDuplicates	Tracking 175217 as yet unmatched pairs. 1060 records in RAM.
INFO	2020-12-09 13:28:30	MarkDuplicates	Read    35,000,000 records.  Elapsed time: 00:04:00s.  Time for last 1,000,000:    4s.  Last read position: chr6:163,127,449
INFO	2020-12-09 13:28:30	MarkDuplicates	Tracking 175972 as yet unmatched pairs. 206 records in RAM.
INFO	2020-12-09 13:28:35	MarkDuplicates	Read    36,000,000 records.  Elapsed time: 00:04:06s.  Time for last 1,000,000:    5s.  Last read position: chr7:29,876,357
INFO	2020-12-09 13:28:35	MarkDuplicates	Tracking 176846 as yet unmatched pairs. 4009 records in RAM.
INFO	2020-12-09 13:28:41	MarkDuplicates	Read    37,000,000 records.  Elapsed time: 00:04:12s.  Time for last 1,000,000:    5s.  Last read position: chr7:64,262,627
INFO	2020-12-09 13:28:41	MarkDuplicates	Tracking 179642 as yet unmatched pairs. 3096 records in RAM.
INFO	2020-12-09 13:28:47	MarkDuplicates	Read    38,000,000 records.  Elapsed time: 00:04:17s.  Time for last 1,000,000:    5s.  Last read position: chr7:100,665,226
INFO	2020-12-09 13:28:47	MarkDuplicates	Tracking 180291 as yet unmatched pairs. 1993 records in RAM.
INFO	2020-12-09 13:28:52	MarkDuplicates	Read    39,000,000 records.  Elapsed time: 00:04:23s.  Time for last 1,000,000:    5s.  Last read position: chr7:135,738,141
INFO	2020-12-09 13:28:52	MarkDuplicates	Tracking 180771 as yet unmatched pairs. 805 records in RAM.
INFO	2020-12-09 13:28:58	MarkDuplicates	Read    40,000,000 records.  Elapsed time: 00:04:28s.  Time for last 1,000,000:    5s.  Last read position: chr8:15,545,609
INFO	2020-12-09 13:28:58	MarkDuplicates	Tracking 181700 as yet unmatched pairs. 3603 records in RAM.
INFO	2020-12-09 13:29:02	MarkDuplicates	Read    41,000,000 records.  Elapsed time: 00:04:33s.  Time for last 1,000,000:    4s.  Last read position: chr8:51,094,482
INFO	2020-12-09 13:29:02	MarkDuplicates	Tracking 182029 as yet unmatched pairs. 2597 records in RAM.
INFO	2020-12-09 13:29:07	MarkDuplicates	Read    42,000,000 records.  Elapsed time: 00:04:38s.  Time for last 1,000,000:    5s.  Last read position: chr8:85,395,878
INFO	2020-12-09 13:29:07	MarkDuplicates	Tracking 182215 as yet unmatched pairs. 1695 records in RAM.
INFO	2020-12-09 13:29:12	MarkDuplicates	Read    43,000,000 records.  Elapsed time: 00:04:43s.  Time for last 1,000,000:    4s.  Last read position: chr8:118,860,463
INFO	2020-12-09 13:29:12	MarkDuplicates	Tracking 182368 as yet unmatched pairs. 829 records in RAM.
INFO	2020-12-09 13:29:18	MarkDuplicates	Read    44,000,000 records.  Elapsed time: 00:04:48s.  Time for last 1,000,000:    5s.  Last read position: chr9:10,690,264
INFO	2020-12-09 13:29:18	MarkDuplicates	Tracking 182723 as yet unmatched pairs. 4060 records in RAM.
INFO	2020-12-09 13:29:23	MarkDuplicates	Read    45,000,000 records.  Elapsed time: 00:04:54s.  Time for last 1,000,000:    5s.  Last read position: chr9:43,980,208
INFO	2020-12-09 13:29:23	MarkDuplicates	Tracking 184593 as yet unmatched pairs. 3987 records in RAM.
INFO	2020-12-09 13:29:28	MarkDuplicates	Read    46,000,000 records.  Elapsed time: 00:04:59s.  Time for last 1,000,000:    4s.  Last read position: chr9:95,165,539
INFO	2020-12-09 13:29:28	MarkDuplicates	Tracking 184489 as yet unmatched pairs. 1531 records in RAM.
INFO	2020-12-09 13:29:48	MarkDuplicates	Read    47,000,000 records.  Elapsed time: 00:05:19s.  Time for last 1,000,000:   20s.  Last read position: chr9:132,732,865
INFO	2020-12-09 13:29:48	MarkDuplicates	Tracking 184432 as yet unmatched pairs. 252 records in RAM.
INFO	2020-12-09 13:29:54	MarkDuplicates	Read    48,000,000 records.  Elapsed time: 00:05:24s.  Time for last 1,000,000:    5s.  Last read position: chr10:32,777,329
INFO	2020-12-09 13:29:54	MarkDuplicates	Tracking 184500 as yet unmatched pairs. 11828 records in RAM.
INFO	2020-12-09 13:29:59	MarkDuplicates	Read    49,000,000 records.  Elapsed time: 00:05:30s.  Time for last 1,000,000:    5s.  Last read position: chr10:64,541,635
INFO	2020-12-09 13:29:59	MarkDuplicates	Tracking 190510 as yet unmatched pairs. 3312 records in RAM.
INFO	2020-12-09 13:30:04	MarkDuplicates	Read    50,000,000 records.  Elapsed time: 00:05:35s.  Time for last 1,000,000:    4s.  Last read position: chr10:101,339,361
INFO	2020-12-09 13:30:04	MarkDuplicates	Tracking 190419 as yet unmatched pairs. 2002 records in RAM.
INFO	2020-12-09 13:30:10	MarkDuplicates	Read    51,000,000 records.  Elapsed time: 00:05:40s.  Time for last 1,000,000:    5s.  Last read position: chr11:6,285,898
INFO	2020-12-09 13:30:10	MarkDuplicates	Tracking 194702 as yet unmatched pairs. 4954 records in RAM.
INFO	2020-12-09 13:30:15	MarkDuplicates	Read    52,000,000 records.  Elapsed time: 00:05:45s.  Time for last 1,000,000:    4s.  Last read position: chr11:41,202,444
INFO	2020-12-09 13:30:15	MarkDuplicates	Tracking 194428 as yet unmatched pairs. 3698 records in RAM.
INFO	2020-12-09 13:30:20	MarkDuplicates	Read    53,000,000 records.  Elapsed time: 00:05:50s.  Time for last 1,000,000:    4s.  Last read position: chr11:79,936,787
INFO	2020-12-09 13:30:20	MarkDuplicates	Tracking 194315 as yet unmatched pairs. 2004 records in RAM.
INFO	2020-12-09 13:30:25	MarkDuplicates	Read    54,000,000 records.  Elapsed time: 00:05:56s.  Time for last 1,000,000:    5s.  Last read position: chr11:113,806,872
INFO	2020-12-09 13:30:25	MarkDuplicates	Tracking 194006 as yet unmatched pairs. 844 records in RAM.
INFO	2020-12-09 13:30:31	MarkDuplicates	Read    55,000,000 records.  Elapsed time: 00:06:02s.  Time for last 1,000,000:    5s.  Last read position: chr12:16,530,511
INFO	2020-12-09 13:30:31	MarkDuplicates	Tracking 193591 as yet unmatched pairs. 8886 records in RAM.
INFO	2020-12-09 13:30:36	MarkDuplicates	Read    56,000,000 records.  Elapsed time: 00:06:06s.  Time for last 1,000,000:    4s.  Last read position: chr12:49,092,914
INFO	2020-12-09 13:30:36	MarkDuplicates	Tracking 193312 as yet unmatched pairs. 7496 records in RAM.
INFO	2020-12-09 13:30:41	MarkDuplicates	Read    57,000,000 records.  Elapsed time: 00:06:11s.  Time for last 1,000,000:    4s.  Last read position: chr12:84,278,940
INFO	2020-12-09 13:30:41	MarkDuplicates	Tracking 190728 as yet unmatched pairs. 2467 records in RAM.
INFO	2020-12-09 13:30:46	MarkDuplicates	Read    58,000,000 records.  Elapsed time: 00:06:16s.  Time for last 1,000,000:    4s.  Last read position: chr12:120,162,722
INFO	2020-12-09 13:30:46	MarkDuplicates	Tracking 190035 as yet unmatched pairs. 875 records in RAM.
INFO	2020-12-09 13:30:51	MarkDuplicates	Read    59,000,000 records.  Elapsed time: 00:06:22s.  Time for last 1,000,000:    5s.  Last read position: chr13:33,212,286
INFO	2020-12-09 13:30:51	MarkDuplicates	Tracking 190301 as yet unmatched pairs. 3265 records in RAM.
INFO	2020-12-09 13:30:56	MarkDuplicates	Read    60,000,000 records.  Elapsed time: 00:06:27s.  Time for last 1,000,000:    4s.  Last read position: chr13:67,426,640
INFO	2020-12-09 13:30:56	MarkDuplicates	Tracking 189578 as yet unmatched pairs. 1881 records in RAM.
INFO	2020-12-09 13:31:01	MarkDuplicates	Read    61,000,000 records.  Elapsed time: 00:06:31s.  Time for last 1,000,000:    4s.  Last read position: chr13:101,631,397
INFO	2020-12-09 13:31:01	MarkDuplicates	Tracking 188792 as yet unmatched pairs. 492 records in RAM.
INFO	2020-12-09 13:31:07	MarkDuplicates	Read    62,000,000 records.  Elapsed time: 00:06:38s.  Time for last 1,000,000:    6s.  Last read position: chr14:40,625,621
INFO	2020-12-09 13:31:07	MarkDuplicates	Tracking 189276 as yet unmatched pairs. 3026 records in RAM.
INFO	2020-12-09 13:31:46	MarkDuplicates	Read    63,000,000 records.  Elapsed time: 00:07:16s.  Time for last 1,000,000:   38s.  Last read position: chr14:75,801,482
INFO	2020-12-09 13:31:46	MarkDuplicates	Tracking 188307 as yet unmatched pairs. 1445 records in RAM.
INFO	2020-12-09 13:31:51	MarkDuplicates	Read    64,000,000 records.  Elapsed time: 00:07:22s.  Time for last 1,000,000:    5s.  Last read position: chr15:23,923,719
INFO	2020-12-09 13:31:51	MarkDuplicates	Tracking 189206 as yet unmatched pairs. 4031 records in RAM.
INFO	2020-12-09 13:31:57	MarkDuplicates	Read    65,000,000 records.  Elapsed time: 00:07:27s.  Time for last 1,000,000:    5s.  Last read position: chr15:62,183,703
INFO	2020-12-09 13:31:57	MarkDuplicates	Tracking 188337 as yet unmatched pairs. 2134 records in RAM.
INFO	2020-12-09 13:32:02	MarkDuplicates	Read    66,000,000 records.  Elapsed time: 00:07:33s.  Time for last 1,000,000:    5s.  Last read position: chr15:100,414,307
INFO	2020-12-09 13:32:02	MarkDuplicates	Tracking 187076 as yet unmatched pairs. 130 records in RAM.
INFO	2020-12-09 13:32:08	MarkDuplicates	Read    67,000,000 records.  Elapsed time: 00:07:38s.  Time for last 1,000,000:    5s.  Last read position: chr16:36,497,891
INFO	2020-12-09 13:32:08	MarkDuplicates	Tracking 208267 as yet unmatched pairs. 23927 records in RAM.
INFO	2020-12-09 13:32:13	MarkDuplicates	Read    68,000,000 records.  Elapsed time: 00:07:44s.  Time for last 1,000,000:    5s.  Last read position: chr16:73,957,510
INFO	2020-12-09 13:32:13	MarkDuplicates	Tracking 186430 as yet unmatched pairs. 1473 records in RAM.
INFO	2020-12-09 13:32:19	MarkDuplicates	Read    69,000,000 records.  Elapsed time: 00:07:49s.  Time for last 1,000,000:    5s.  Last read position: chr17:24,421,357
INFO	2020-12-09 13:32:19	MarkDuplicates	Tracking 201832 as yet unmatched pairs. 20158 records in RAM.
INFO	2020-12-09 13:32:25	MarkDuplicates	Read    70,000,000 records.  Elapsed time: 00:07:56s.  Time for last 1,000,000:    6s.  Last read position: chr17:65,022,613
INFO	2020-12-09 13:32:25	MarkDuplicates	Tracking 187638 as yet unmatched pairs. 1327 records in RAM.
INFO	2020-12-09 13:32:31	MarkDuplicates	Read    71,000,000 records.  Elapsed time: 00:08:01s.  Time for last 1,000,000:    5s.  Last read position: chr18:18,582,112
INFO	2020-12-09 13:32:31	MarkDuplicates	Tracking 191614 as yet unmatched pairs. 4313 records in RAM.
INFO	2020-12-09 13:32:36	MarkDuplicates	Read    72,000,000 records.  Elapsed time: 00:08:07s.  Time for last 1,000,000:    5s.  Last read position: chr18:53,457,925
INFO	2020-12-09 13:32:36	MarkDuplicates	Tracking 189360 as yet unmatched pairs. 1518 records in RAM.
INFO	2020-12-09 13:32:41	MarkDuplicates	Read    73,000,000 records.  Elapsed time: 00:08:12s.  Time for last 1,000,000:    5s.  Last read position: chr19:13,229,120
INFO	2020-12-09 13:32:41	MarkDuplicates	Tracking 187262 as yet unmatched pairs. 3699 records in RAM.
INFO	2020-12-09 13:32:47	MarkDuplicates	Read    74,000,000 records.  Elapsed time: 00:08:18s.  Time for last 1,000,000:    6s.  Last read position: chr20:1,414,325
INFO	2020-12-09 13:32:47	MarkDuplicates	Tracking 185300 as yet unmatched pairs. 11288 records in RAM.
INFO	2020-12-09 13:32:53	MarkDuplicates	Read    75,000,000 records.  Elapsed time: 00:08:23s.  Time for last 1,000,000:    5s.  Last read position: chr20:32,690,600
INFO	2020-12-09 13:32:53	MarkDuplicates	Tracking 186775 as yet unmatched pairs. 2110 records in RAM.
INFO	2020-12-09 13:32:59	MarkDuplicates	Read    76,000,000 records.  Elapsed time: 00:08:29s.  Time for last 1,000,000:    6s.  Last read position: chr21:10,432,363
INFO	2020-12-09 13:32:59	MarkDuplicates	Tracking 187926 as yet unmatched pairs. 4353 records in RAM.
INFO	2020-12-09 13:33:05	MarkDuplicates	Read    77,000,000 records.  Elapsed time: 00:08:35s.  Time for last 1,000,000:    5s.  Last read position: chr22:12,040,761
INFO	2020-12-09 13:33:05	MarkDuplicates	Tracking 187872 as yet unmatched pairs. 4316 records in RAM.
INFO	2020-12-09 13:33:10	MarkDuplicates	Read    78,000,000 records.  Elapsed time: 00:08:41s.  Time for last 1,000,000:    5s.  Last read position: chrX:10,009,611
INFO	2020-12-09 13:33:10	MarkDuplicates	Tracking 184743 as yet unmatched pairs. 6744 records in RAM.
INFO	2020-12-09 13:33:30	MarkDuplicates	Read    79,000,000 records.  Elapsed time: 00:09:00s.  Time for last 1,000,000:   19s.  Last read position: chrX:79,387,718
INFO	2020-12-09 13:33:30	MarkDuplicates	Tracking 181751 as yet unmatched pairs. 3424 records in RAM.
INFO	2020-12-09 13:33:35	MarkDuplicates	Read    80,000,000 records.  Elapsed time: 00:09:06s.  Time for last 1,000,000:    5s.  Last read position: chrX:146,890,042
INFO	2020-12-09 13:33:35	MarkDuplicates	Tracking 179302 as yet unmatched pairs. 628 records in RAM.
INFO	2020-12-09 13:33:42	MarkDuplicates	Read    81,000,000 records.  Elapsed time: 00:09:12s.  Time for last 1,000,000:    6s.  Last read position: chr14_GL000225v1_random:15,302
INFO	2020-12-09 13:33:42	MarkDuplicates	Tracking 181945 as yet unmatched pairs. 8506 records in RAM.
INFO	2020-12-09 13:33:49	MarkDuplicates	Read    82,000,000 records.  Elapsed time: 00:09:20s.  Time for last 1,000,000:    7s.  Last read position: chr3_KI270784v1_alt:138,622
INFO	2020-12-09 13:33:49	MarkDuplicates	Tracking 146291 as yet unmatched pairs. 4 records in RAM.
INFO	2020-12-09 13:33:57	MarkDuplicates	Read    83,000,000 records.  Elapsed time: 00:09:28s.  Time for last 1,000,000:    8s.  Last read position: chrUn_KN707896v1_decoy:7,054
INFO	2020-12-09 13:33:57	MarkDuplicates	Tracking 171899 as yet unmatched pairs. 93386 records in RAM.
INFO	2020-12-09 13:34:07	MarkDuplicates	Read 83815697 records. 0 pairs never matched.
INFO	2020-12-09 13:34:25	MarkDuplicates	After buildSortedReadEndLists freeMemory: 269617032; totalMemory: 276824064; maxMemory: 4294967296
INFO	2020-12-09 13:34:25	MarkDuplicates	Will retain up to 134217728 duplicate indices before spilling to disk.
INFO	2020-12-09 13:34:26	MarkDuplicates	Traversing read pair information and detecting duplicates.
INFO	2020-12-09 13:34:48	MarkDuplicates	Traversing fragment information and detecting duplicates.
INFO	2020-12-09 13:35:20	MarkDuplicates	Sorting list of duplicate records.
INFO	2020-12-09 13:35:21	MarkDuplicates	After generateDuplicateIndexes freeMemory: 763896864; totalMemory: 1845493760; maxMemory: 4294967296
INFO	2020-12-09 13:35:21	MarkDuplicates	Marking 4251056 records as duplicates.
INFO	2020-12-09 13:35:21	MarkDuplicates	Found 461014 optical duplicate clusters.
INFO	2020-12-09 13:35:21	MarkDuplicates	Reads are assumed to be ordered by: coordinate
INFO	2020-12-09 13:39:20	MarkDuplicates	Written    10,000,000 records.  Elapsed time: 00:03:59s.  Time for last 10,000,000:  239s.  Last read position: chr2:127,798,629
INFO	2020-12-09 13:43:22	MarkDuplicates	Written    20,000,000 records.  Elapsed time: 00:08:01s.  Time for last 10,000,000:  242s.  Last read position: chr4:50,656,261
INFO	2020-12-09 13:47:27	MarkDuplicates	Written    30,000,000 records.  Elapsed time: 00:12:06s.  Time for last 10,000,000:  244s.  Last read position: chr6:50,873,460
INFO	2020-12-09 13:51:24	MarkDuplicates	Written    40,000,000 records.  Elapsed time: 00:16:03s.  Time for last 10,000,000:  237s.  Last read position: chr8:92,724,217
INFO	2020-12-09 13:55:27	MarkDuplicates	Written    50,000,000 records.  Elapsed time: 00:20:06s.  Time for last 10,000,000:  243s.  Last read position: chr11:68,771,449
INFO	2020-12-09 13:59:31	MarkDuplicates	Written    60,000,000 records.  Elapsed time: 00:24:10s.  Time for last 10,000,000:  243s.  Last read position: chr14:84,302,414
INFO	2020-12-09 14:03:36	MarkDuplicates	Written    70,000,000 records.  Elapsed time: 00:28:15s.  Time for last 10,000,000:  245s.  Last read position: chr19:47,771,109
INFO	2020-12-09 14:07:41	MarkDuplicates	Before output close freeMemory: 97130232; totalMemory: 104857600; maxMemory: 4294967296
INFO	2020-12-09 14:07:41	MarkDuplicates	After output close freeMemory: 35163304; totalMemory: 41943040; maxMemory: 4294967296
[Wed Dec 09 14:07:41 IST 2020] picard.sam.markduplicates.MarkDuplicates done. Elapsed time: 43.31 minutes.
Runtime.totalMemory()=41943040
