[Wed Dec 09 09:51:05 IST 2020] picard.sam.markduplicates.MarkDuplicates INPUT=[results_dna/mapped/62E1AAAXX-4-normal.sorted.bam] OUTPUT=results_dna/dedup/62E1AAAXX-4-normal.bam METRICS_FILE=results_dna/qc/dedup/62E1AAAXX-4-normal.metrics.txt REMOVE_DUPLICATES=true VALIDATION_STRINGENCY=SILENT    MAX_SEQUENCES_FOR_DISK_READ_ENDS_MAP=50000 MAX_FILE_HANDLES_FOR_READ_ENDS_MAP=8000 SORTING_COLLECTION_SIZE_RATIO=0.25 TAG_DUPLICATE_SET_MEMBERS=false REMOVE_SEQUENCING_DUPLICATES=false TAGGING_POLICY=DontTag ASSUME_SORTED=false DUPLICATE_SCORING_STRATEGY=SUM_OF_BASE_QUALITIES PROGRAM_RECORD_ID=MarkDuplicates PROGRAM_GROUP_NAME=MarkDuplicates READ_NAME_REGEX=<optimized capture of last three ':' separated fields as numeric values> OPTICAL_DUPLICATE_PIXEL_DISTANCE=100 VERBOSITY=INFO QUIET=false COMPRESSION_LEVEL=5 MAX_RECORDS_IN_RAM=500000 CREATE_INDEX=false CREATE_MD5_FILE=false GA4GH_CLIENT_SECRETS=client_secrets.json
[Wed Dec 09 09:51:05 IST 2020] Executing as priyanka@actinium on Linux 3.10.0-862.11.6.el7.x86_64 amd64; OpenJDK 64-Bit Server VM 11.0.1+13-LTS; Picard version: 2.9.2-SNAPSHOT
INFO	2020-12-09 09:51:12	MarkDuplicates	Start of doWork freeMemory: 65781496; totalMemory: 70254592; maxMemory: 4294967296
INFO	2020-12-09 09:51:12	MarkDuplicates	Reading input file and constructing read end information.
INFO	2020-12-09 09:51:12	MarkDuplicates	Will retain up to 15561475 data points before spilling to disk.
INFO	2020-12-09 09:51:19	MarkDuplicates	Read     1,000,000 records.  Elapsed time: 00:00:07s.  Time for last 1,000,000:    7s.  Last read position: chr1:43,203,102
INFO	2020-12-09 09:51:19	MarkDuplicates	Tracking 4581 as yet unmatched pairs. 247 records in RAM.
INFO	2020-12-09 09:51:25	MarkDuplicates	Read     2,000,000 records.  Elapsed time: 00:00:12s.  Time for last 1,000,000:    5s.  Last read position: chr1:78,513,714
INFO	2020-12-09 09:51:25	MarkDuplicates	Tracking 6639 as yet unmatched pairs. 333 records in RAM.
INFO	2020-12-09 09:51:30	MarkDuplicates	Read     3,000,000 records.  Elapsed time: 00:00:18s.  Time for last 1,000,000:    5s.  Last read position: chr1:112,711,114
INFO	2020-12-09 09:51:30	MarkDuplicates	Tracking 8439 as yet unmatched pairs. 365 records in RAM.
INFO	2020-12-09 09:51:36	MarkDuplicates	Read     4,000,000 records.  Elapsed time: 00:00:24s.  Time for last 1,000,000:    6s.  Last read position: chr1:143,217,381
INFO	2020-12-09 09:51:36	MarkDuplicates	Tracking 22484 as yet unmatched pairs. 9702 records in RAM.
INFO	2020-12-09 09:51:42	MarkDuplicates	Read     5,000,000 records.  Elapsed time: 00:00:30s.  Time for last 1,000,000:    5s.  Last read position: chr1:174,879,599
INFO	2020-12-09 09:51:42	MarkDuplicates	Tracking 15947 as yet unmatched pairs. 359 records in RAM.
INFO	2020-12-09 09:51:48	MarkDuplicates	Read     6,000,000 records.  Elapsed time: 00:00:36s.  Time for last 1,000,000:    5s.  Last read position: chr1:210,543,680
INFO	2020-12-09 09:51:48	MarkDuplicates	Tracking 17730 as yet unmatched pairs. 224 records in RAM.
INFO	2020-12-09 09:51:54	MarkDuplicates	Read     7,000,000 records.  Elapsed time: 00:00:42s.  Time for last 1,000,000:    5s.  Last read position: chr1:247,320,327
INFO	2020-12-09 09:51:54	MarkDuplicates	Tracking 20113 as yet unmatched pairs. 18 records in RAM.
INFO	2020-12-09 09:52:00	MarkDuplicates	Read     8,000,000 records.  Elapsed time: 00:00:47s.  Time for last 1,000,000:    5s.  Last read position: chr2:34,904,731
INFO	2020-12-09 09:52:00	MarkDuplicates	Tracking 27102 as yet unmatched pairs. 1424 records in RAM.
INFO	2020-12-09 09:52:05	MarkDuplicates	Read     9,000,000 records.  Elapsed time: 00:00:53s.  Time for last 1,000,000:    5s.  Last read position: chr2:70,033,981
INFO	2020-12-09 09:52:05	MarkDuplicates	Tracking 28630 as yet unmatched pairs. 1299 records in RAM.
INFO	2020-12-09 09:52:11	MarkDuplicates	Read    10,000,000 records.  Elapsed time: 00:00:58s.  Time for last 1,000,000:    5s.  Last read position: chr2:106,497,219
INFO	2020-12-09 09:52:11	MarkDuplicates	Tracking 38849 as yet unmatched pairs. 1202 records in RAM.
INFO	2020-12-09 09:52:16	MarkDuplicates	Read    11,000,000 records.  Elapsed time: 00:01:04s.  Time for last 1,000,000:    5s.  Last read position: chr2:142,139,540
INFO	2020-12-09 09:52:16	MarkDuplicates	Tracking 41951 as yet unmatched pairs. 854 records in RAM.
INFO	2020-12-09 09:52:22	MarkDuplicates	Read    12,000,000 records.  Elapsed time: 00:01:09s.  Time for last 1,000,000:    5s.  Last read position: chr2:176,394,706
INFO	2020-12-09 09:52:22	MarkDuplicates	Tracking 43280 as yet unmatched pairs. 594 records in RAM.
INFO	2020-12-09 09:52:28	MarkDuplicates	Read    13,000,000 records.  Elapsed time: 00:01:15s.  Time for last 1,000,000:    5s.  Last read position: chr2:210,582,570
INFO	2020-12-09 09:52:28	MarkDuplicates	Tracking 44688 as yet unmatched pairs. 357 records in RAM.
INFO	2020-12-09 09:52:34	MarkDuplicates	Read    14,000,000 records.  Elapsed time: 00:01:21s.  Time for last 1,000,000:    5s.  Last read position: chr3:5,421,489
INFO	2020-12-09 09:52:34	MarkDuplicates	Tracking 46481 as yet unmatched pairs. 2002 records in RAM.
INFO	2020-12-09 09:52:39	MarkDuplicates	Read    15,000,000 records.  Elapsed time: 00:01:27s.  Time for last 1,000,000:    5s.  Last read position: chr3:40,699,546
INFO	2020-12-09 09:52:39	MarkDuplicates	Tracking 47857 as yet unmatched pairs. 1704 records in RAM.
INFO	2020-12-09 09:53:00	MarkDuplicates	Read    16,000,000 records.  Elapsed time: 00:01:48s.  Time for last 1,000,000:   20s.  Last read position: chr3:76,841,481
INFO	2020-12-09 09:53:00	MarkDuplicates	Tracking 49440 as yet unmatched pairs. 1356 records in RAM.
INFO	2020-12-09 09:53:07	MarkDuplicates	Read    17,000,000 records.  Elapsed time: 00:01:54s.  Time for last 1,000,000:    6s.  Last read position: chr3:105,729,804
INFO	2020-12-09 09:53:07	MarkDuplicates	Tracking 82073 as yet unmatched pairs. 1107 records in RAM.
INFO	2020-12-09 09:53:12	MarkDuplicates	Read    18,000,000 records.  Elapsed time: 00:02:00s.  Time for last 1,000,000:    5s.  Last read position: chr3:141,306,121
INFO	2020-12-09 09:53:12	MarkDuplicates	Tracking 83274 as yet unmatched pairs. 702 records in RAM.
INFO	2020-12-09 09:53:18	MarkDuplicates	Read    19,000,000 records.  Elapsed time: 00:02:06s.  Time for last 1,000,000:    6s.  Last read position: chr3:175,630,697
INFO	2020-12-09 09:53:18	MarkDuplicates	Tracking 84306 as yet unmatched pairs. 315 records in RAM.
INFO	2020-12-09 09:53:24	MarkDuplicates	Read    20,000,000 records.  Elapsed time: 00:02:12s.  Time for last 1,000,000:    5s.  Last read position: chr4:15,387,848
INFO	2020-12-09 09:53:24	MarkDuplicates	Tracking 85993 as yet unmatched pairs. 4060 records in RAM.
INFO	2020-12-09 09:53:30	MarkDuplicates	Read    21,000,000 records.  Elapsed time: 00:02:18s.  Time for last 1,000,000:    5s.  Last read position: chr4:49,108,588
INFO	2020-12-09 09:53:30	MarkDuplicates	Tracking 101128 as yet unmatched pairs. 7594 records in RAM.
INFO	2020-12-09 09:53:36	MarkDuplicates	Read    22,000,000 records.  Elapsed time: 00:02:23s.  Time for last 1,000,000:    5s.  Last read position: chr4:79,422,842
INFO	2020-12-09 09:53:36	MarkDuplicates	Tracking 131875 as yet unmatched pairs. 1702 records in RAM.
INFO	2020-12-09 09:53:42	MarkDuplicates	Read    23,000,000 records.  Elapsed time: 00:02:30s.  Time for last 1,000,000:    6s.  Last read position: chr4:113,215,800
INFO	2020-12-09 09:53:42	MarkDuplicates	Tracking 132793 as yet unmatched pairs. 1241 records in RAM.
INFO	2020-12-09 09:53:48	MarkDuplicates	Read    24,000,000 records.  Elapsed time: 00:02:36s.  Time for last 1,000,000:    5s.  Last read position: chr4:147,138,237
INFO	2020-12-09 09:53:48	MarkDuplicates	Tracking 133607 as yet unmatched pairs. 719 records in RAM.
INFO	2020-12-09 09:53:54	MarkDuplicates	Read    25,000,000 records.  Elapsed time: 00:02:41s.  Time for last 1,000,000:    5s.  Last read position: chr4:181,273,720
INFO	2020-12-09 09:53:54	MarkDuplicates	Tracking 134459 as yet unmatched pairs. 196 records in RAM.
INFO	2020-12-09 09:54:00	MarkDuplicates	Read    26,000,000 records.  Elapsed time: 00:02:47s.  Time for last 1,000,000:    6s.  Last read position: chr5:26,481,687
INFO	2020-12-09 09:54:00	MarkDuplicates	Tracking 141702 as yet unmatched pairs. 8133 records in RAM.
INFO	2020-12-09 09:54:05	MarkDuplicates	Read    27,000,000 records.  Elapsed time: 00:02:53s.  Time for last 1,000,000:    5s.  Last read position: chr5:60,923,399
INFO	2020-12-09 09:54:05	MarkDuplicates	Tracking 166085 as yet unmatched pairs. 2231 records in RAM.
INFO	2020-12-09 09:54:12	MarkDuplicates	Read    28,000,000 records.  Elapsed time: 00:02:59s.  Time for last 1,000,000:    6s.  Last read position: chr5:96,495,685
INFO	2020-12-09 09:54:12	MarkDuplicates	Tracking 167030 as yet unmatched pairs. 1606 records in RAM.
INFO	2020-12-09 09:54:17	MarkDuplicates	Read    29,000,000 records.  Elapsed time: 00:03:05s.  Time for last 1,000,000:    5s.  Last read position: chr5:130,256,955
INFO	2020-12-09 09:54:17	MarkDuplicates	Tracking 167666 as yet unmatched pairs. 1091 records in RAM.
INFO	2020-12-09 09:54:23	MarkDuplicates	Read    30,000,000 records.  Elapsed time: 00:03:10s.  Time for last 1,000,000:    5s.  Last read position: chr5:166,081,162
INFO	2020-12-09 09:54:23	MarkDuplicates	Tracking 168386 as yet unmatched pairs. 374 records in RAM.
INFO	2020-12-09 09:54:29	MarkDuplicates	Read    31,000,000 records.  Elapsed time: 00:03:16s.  Time for last 1,000,000:    5s.  Last read position: chr6:22,000,088
INFO	2020-12-09 09:54:29	MarkDuplicates	Tracking 169306 as yet unmatched pairs. 3182 records in RAM.
INFO	2020-12-09 09:55:11	MarkDuplicates	Read    32,000,000 records.  Elapsed time: 00:03:58s.  Time for last 1,000,000:   41s.  Last read position: chr6:61,779,400
INFO	2020-12-09 09:55:11	MarkDuplicates	Tracking 170221 as yet unmatched pairs. 2396 records in RAM.
INFO	2020-12-09 09:55:16	MarkDuplicates	Read    33,000,000 records.  Elapsed time: 00:04:04s.  Time for last 1,000,000:    5s.  Last read position: chr6:95,909,359
INFO	2020-12-09 09:55:16	MarkDuplicates	Tracking 170820 as yet unmatched pairs. 1659 records in RAM.
INFO	2020-12-09 09:55:21	MarkDuplicates	Read    34,000,000 records.  Elapsed time: 00:04:09s.  Time for last 1,000,000:    5s.  Last read position: chr6:130,536,241
INFO	2020-12-09 09:55:21	MarkDuplicates	Tracking 171392 as yet unmatched pairs. 1012 records in RAM.
INFO	2020-12-09 09:55:27	MarkDuplicates	Read    35,000,000 records.  Elapsed time: 00:04:14s.  Time for last 1,000,000:    5s.  Last read position: chr6:165,547,428
INFO	2020-12-09 09:55:27	MarkDuplicates	Tracking 171908 as yet unmatched pairs. 154 records in RAM.
INFO	2020-12-09 09:55:32	MarkDuplicates	Read    36,000,000 records.  Elapsed time: 00:04:20s.  Time for last 1,000,000:    5s.  Last read position: chr7:32,486,712
INFO	2020-12-09 09:55:32	MarkDuplicates	Tracking 172720 as yet unmatched pairs. 3716 records in RAM.
INFO	2020-12-09 09:55:38	MarkDuplicates	Read    37,000,000 records.  Elapsed time: 00:04:25s.  Time for last 1,000,000:    5s.  Last read position: chr7:67,169,804
INFO	2020-12-09 09:55:38	MarkDuplicates	Tracking 175462 as yet unmatched pairs. 2758 records in RAM.
INFO	2020-12-09 09:55:44	MarkDuplicates	Read    38,000,000 records.  Elapsed time: 00:04:32s.  Time for last 1,000,000:    6s.  Last read position: chr7:103,977,494
INFO	2020-12-09 09:55:44	MarkDuplicates	Tracking 176001 as yet unmatched pairs. 1710 records in RAM.
INFO	2020-12-09 09:55:50	MarkDuplicates	Read    39,000,000 records.  Elapsed time: 00:04:38s.  Time for last 1,000,000:    5s.  Last read position: chr7:138,603,020
INFO	2020-12-09 09:55:50	MarkDuplicates	Tracking 176439 as yet unmatched pairs. 725 records in RAM.
INFO	2020-12-09 09:55:56	MarkDuplicates	Read    40,000,000 records.  Elapsed time: 00:04:44s.  Time for last 1,000,000:    6s.  Last read position: chr8:18,381,352
INFO	2020-12-09 09:55:56	MarkDuplicates	Tracking 177337 as yet unmatched pairs. 3280 records in RAM.
INFO	2020-12-09 09:56:03	MarkDuplicates	Read    41,000,000 records.  Elapsed time: 00:04:50s.  Time for last 1,000,000:    6s.  Last read position: chr8:54,032,090
INFO	2020-12-09 09:56:03	MarkDuplicates	Tracking 177635 as yet unmatched pairs. 2396 records in RAM.
INFO	2020-12-09 09:56:09	MarkDuplicates	Read    42,000,000 records.  Elapsed time: 00:04:56s.  Time for last 1,000,000:    6s.  Last read position: chr8:87,720,827
INFO	2020-12-09 09:56:09	MarkDuplicates	Tracking 177775 as yet unmatched pairs. 1557 records in RAM.
INFO	2020-12-09 09:56:14	MarkDuplicates	Read    43,000,000 records.  Elapsed time: 00:05:02s.  Time for last 1,000,000:    5s.  Last read position: chr8:121,932,108
INFO	2020-12-09 09:56:14	MarkDuplicates	Tracking 177812 as yet unmatched pairs. 713 records in RAM.
INFO	2020-12-09 09:56:21	MarkDuplicates	Read    44,000,000 records.  Elapsed time: 00:05:09s.  Time for last 1,000,000:    6s.  Last read position: chr9:13,599,116
INFO	2020-12-09 09:56:21	MarkDuplicates	Tracking 178110 as yet unmatched pairs. 3641 records in RAM.
INFO	2020-12-09 09:56:28	MarkDuplicates	Read    45,000,000 records.  Elapsed time: 00:05:15s.  Time for last 1,000,000:    6s.  Last read position: chr9:61,944,063
INFO	2020-12-09 09:56:28	MarkDuplicates	Tracking 179843 as yet unmatched pairs. 3241 records in RAM.
INFO	2020-12-09 09:56:34	MarkDuplicates	Read    46,000,000 records.  Elapsed time: 00:05:22s.  Time for last 1,000,000:    6s.  Last read position: chr9:98,834,814
INFO	2020-12-09 09:56:34	MarkDuplicates	Tracking 179900 as yet unmatched pairs. 1302 records in RAM.
INFO	2020-12-09 09:56:56	MarkDuplicates	Read    47,000,000 records.  Elapsed time: 00:05:43s.  Time for last 1,000,000:   21s.  Last read position: chr9:138,323,527
INFO	2020-12-09 09:56:56	MarkDuplicates	Tracking 179944 as yet unmatched pairs. 4 records in RAM.
INFO	2020-12-09 09:57:02	MarkDuplicates	Read    48,000,000 records.  Elapsed time: 00:05:49s.  Time for last 1,000,000:    6s.  Last read position: chr10:36,098,384
INFO	2020-12-09 09:57:02	MarkDuplicates	Tracking 179933 as yet unmatched pairs. 11448 records in RAM.
INFO	2020-12-09 09:57:08	MarkDuplicates	Read    49,000,000 records.  Elapsed time: 00:05:55s.  Time for last 1,000,000:    5s.  Last read position: chr10:67,740,190
INFO	2020-12-09 09:57:08	MarkDuplicates	Tracking 186162 as yet unmatched pairs. 3263 records in RAM.
INFO	2020-12-09 09:57:14	MarkDuplicates	Read    50,000,000 records.  Elapsed time: 00:06:01s.  Time for last 1,000,000:    5s.  Last read position: chr10:105,102,354
INFO	2020-12-09 09:57:14	MarkDuplicates	Tracking 185878 as yet unmatched pairs. 1828 records in RAM.
INFO	2020-12-09 09:57:19	MarkDuplicates	Read    51,000,000 records.  Elapsed time: 00:06:07s.  Time for last 1,000,000:    5s.  Last read position: chr11:9,923,818
INFO	2020-12-09 09:57:19	MarkDuplicates	Tracking 189927 as yet unmatched pairs. 4207 records in RAM.
INFO	2020-12-09 09:57:25	MarkDuplicates	Read    52,000,000 records.  Elapsed time: 00:06:12s.  Time for last 1,000,000:    5s.  Last read position: chr11:44,566,315
INFO	2020-12-09 09:57:25	MarkDuplicates	Tracking 189725 as yet unmatched pairs. 3184 records in RAM.
INFO	2020-12-09 09:57:30	MarkDuplicates	Read    53,000,000 records.  Elapsed time: 00:06:18s.  Time for last 1,000,000:    5s.  Last read position: chr11:83,163,875
INFO	2020-12-09 09:57:30	MarkDuplicates	Tracking 189715 as yet unmatched pairs. 1755 records in RAM.
INFO	2020-12-09 09:57:36	MarkDuplicates	Read    54,000,000 records.  Elapsed time: 00:06:24s.  Time for last 1,000,000:    6s.  Last read position: chr11:117,592,197
INFO	2020-12-09 09:57:36	MarkDuplicates	Tracking 189372 as yet unmatched pairs. 613 records in RAM.
INFO	2020-12-09 09:57:42	MarkDuplicates	Read    55,000,000 records.  Elapsed time: 00:06:30s.  Time for last 1,000,000:    5s.  Last read position: chr12:19,934,247
INFO	2020-12-09 09:57:42	MarkDuplicates	Tracking 189057 as yet unmatched pairs. 7779 records in RAM.
INFO	2020-12-09 09:57:48	MarkDuplicates	Read    56,000,000 records.  Elapsed time: 00:06:35s.  Time for last 1,000,000:    5s.  Last read position: chr12:53,342,363
INFO	2020-12-09 09:57:48	MarkDuplicates	Tracking 188853 as yet unmatched pairs. 6438 records in RAM.
INFO	2020-12-09 09:57:53	MarkDuplicates	Read    57,000,000 records.  Elapsed time: 00:06:41s.  Time for last 1,000,000:    5s.  Last read position: chr12:87,858,588
INFO	2020-12-09 09:57:53	MarkDuplicates	Tracking 186656 as yet unmatched pairs. 2123 records in RAM.
INFO	2020-12-09 09:57:59	MarkDuplicates	Read    58,000,000 records.  Elapsed time: 00:06:47s.  Time for last 1,000,000:    5s.  Last read position: chr12:125,027,054
INFO	2020-12-09 09:57:59	MarkDuplicates	Tracking 185905 as yet unmatched pairs. 488 records in RAM.
INFO	2020-12-09 09:58:05	MarkDuplicates	Read    59,000,000 records.  Elapsed time: 00:06:52s.  Time for last 1,000,000:    5s.  Last read position: chr13:36,948,234
INFO	2020-12-09 09:58:05	MarkDuplicates	Tracking 186281 as yet unmatched pairs. 2843 records in RAM.
INFO	2020-12-09 09:58:10	MarkDuplicates	Read    60,000,000 records.  Elapsed time: 00:06:58s.  Time for last 1,000,000:    5s.  Last read position: chr13:71,193,594
INFO	2020-12-09 09:58:10	MarkDuplicates	Tracking 185708 as yet unmatched pairs. 1591 records in RAM.
INFO	2020-12-09 09:58:16	MarkDuplicates	Read    61,000,000 records.  Elapsed time: 00:07:03s.  Time for last 1,000,000:    5s.  Last read position: chr13:105,425,473
INFO	2020-12-09 09:58:16	MarkDuplicates	Tracking 185023 as yet unmatched pairs. 356 records in RAM.
INFO	2020-12-09 09:58:21	MarkDuplicates	Read    62,000,000 records.  Elapsed time: 00:07:09s.  Time for last 1,000,000:    5s.  Last read position: chr14:44,534,144
INFO	2020-12-09 09:58:21	MarkDuplicates	Tracking 185517 as yet unmatched pairs. 2652 records in RAM.
INFO	2020-12-09 09:59:03	MarkDuplicates	Read    63,000,000 records.  Elapsed time: 00:07:50s.  Time for last 1,000,000:   41s.  Last read position: chr14:80,179,377
INFO	2020-12-09 09:59:03	MarkDuplicates	Tracking 184664 as yet unmatched pairs. 1158 records in RAM.
INFO	2020-12-09 09:59:09	MarkDuplicates	Read    64,000,000 records.  Elapsed time: 00:07:57s.  Time for last 1,000,000:    6s.  Last read position: chr15:28,805,828
INFO	2020-12-09 09:59:09	MarkDuplicates	Tracking 185746 as yet unmatched pairs. 3516 records in RAM.
INFO	2020-12-09 09:59:16	MarkDuplicates	Read    65,000,000 records.  Elapsed time: 00:08:03s.  Time for last 1,000,000:    6s.  Last read position: chr15:67,265,083
INFO	2020-12-09 09:59:16	MarkDuplicates	Tracking 184872 as yet unmatched pairs. 1681 records in RAM.
INFO	2020-12-09 09:59:22	MarkDuplicates	Read    66,000,000 records.  Elapsed time: 00:08:10s.  Time for last 1,000,000:    6s.  Last read position: chr16:5,119,656
INFO	2020-12-09 09:59:22	MarkDuplicates	Tracking 183739 as yet unmatched pairs. 6588 records in RAM.
INFO	2020-12-09 09:59:28	MarkDuplicates	Read    67,000,000 records.  Elapsed time: 00:08:16s.  Time for last 1,000,000:    6s.  Last read position: chr16:46,390,257
INFO	2020-12-09 09:59:28	MarkDuplicates	Tracking 209963 as yet unmatched pairs. 28299 records in RAM.
INFO	2020-12-09 09:59:35	MarkDuplicates	Read    68,000,000 records.  Elapsed time: 00:08:23s.  Time for last 1,000,000:    6s.  Last read position: chr16:78,611,703
INFO	2020-12-09 09:59:35	MarkDuplicates	Tracking 183306 as yet unmatched pairs. 1091 records in RAM.
INFO	2020-12-09 09:59:42	MarkDuplicates	Read    69,000,000 records.  Elapsed time: 00:08:30s.  Time for last 1,000,000:    7s.  Last read position: chr17:27,903,144
INFO	2020-12-09 09:59:42	MarkDuplicates	Tracking 186138 as yet unmatched pairs. 3196 records in RAM.
INFO	2020-12-09 09:59:49	MarkDuplicates	Read    70,000,000 records.  Elapsed time: 00:08:37s.  Time for last 1,000,000:    6s.  Last read position: chr17:69,874,590
INFO	2020-12-09 09:59:49	MarkDuplicates	Tracking 184852 as yet unmatched pairs. 899 records in RAM.
INFO	2020-12-09 09:59:55	MarkDuplicates	Read    71,000,000 records.  Elapsed time: 00:08:43s.  Time for last 1,000,000:    6s.  Last read position: chr18:23,286,470
INFO	2020-12-09 09:59:55	MarkDuplicates	Tracking 188265 as yet unmatched pairs. 2653 records in RAM.
INFO	2020-12-09 10:00:01	MarkDuplicates	Read    72,000,000 records.  Elapsed time: 00:08:49s.  Time for last 1,000,000:    5s.  Last read position: chr18:58,078,491
INFO	2020-12-09 10:00:01	MarkDuplicates	Tracking 187184 as yet unmatched pairs. 1176 records in RAM.
INFO	2020-12-09 10:00:08	MarkDuplicates	Read    73,000,000 records.  Elapsed time: 00:08:55s.  Time for last 1,000,000:    6s.  Last read position: chr19:19,946,224
INFO	2020-12-09 10:00:08	MarkDuplicates	Tracking 185005 as yet unmatched pairs. 2948 records in RAM.
INFO	2020-12-09 10:00:14	MarkDuplicates	Read    74,000,000 records.  Elapsed time: 00:09:02s.  Time for last 1,000,000:    6s.  Last read position: chr20:6,698,545
INFO	2020-12-09 10:00:14	MarkDuplicates	Tracking 183485 as yet unmatched pairs. 10724 records in RAM.
INFO	2020-12-09 10:00:20	MarkDuplicates	Read    75,000,000 records.  Elapsed time: 00:09:08s.  Time for last 1,000,000:    6s.  Last read position: chr20:38,486,706
INFO	2020-12-09 10:00:20	MarkDuplicates	Tracking 184914 as yet unmatched pairs. 1494 records in RAM.
INFO	2020-12-09 10:00:27	MarkDuplicates	Read    76,000,000 records.  Elapsed time: 00:09:14s.  Time for last 1,000,000:    6s.  Last read position: chr21:16,675,017
INFO	2020-12-09 10:00:27	MarkDuplicates	Tracking 187761 as yet unmatched pairs. 1939 records in RAM.
INFO	2020-12-09 10:00:33	MarkDuplicates	Read    77,000,000 records.  Elapsed time: 00:09:20s.  Time for last 1,000,000:    6s.  Last read position: chr22:19,630,996
INFO	2020-12-09 10:00:33	MarkDuplicates	Tracking 185832 as yet unmatched pairs. 2385 records in RAM.
INFO	2020-12-09 10:00:39	MarkDuplicates	Read    78,000,000 records.  Elapsed time: 00:09:27s.  Time for last 1,000,000:    6s.  Last read position: chrX:20,590,013
INFO	2020-12-09 10:00:39	MarkDuplicates	Tracking 182886 as yet unmatched pairs. 5759 records in RAM.
INFO	2020-12-09 10:01:00	MarkDuplicates	Read    79,000,000 records.  Elapsed time: 00:09:48s.  Time for last 1,000,000:   20s.  Last read position: chrX:89,600,438
INFO	2020-12-09 10:01:00	MarkDuplicates	Tracking 180303 as yet unmatched pairs. 2799 records in RAM.
INFO	2020-12-09 10:01:07	MarkDuplicates	Read    80,000,000 records.  Elapsed time: 00:09:55s.  Time for last 1,000,000:    6s.  Last read position: chrY:4,587,356
INFO	2020-12-09 10:01:07	MarkDuplicates	Tracking 177649 as yet unmatched pairs. 16821 records in RAM.
INFO	2020-12-09 10:01:14	MarkDuplicates	Read    81,000,000 records.  Elapsed time: 00:10:01s.  Time for last 1,000,000:    6s.  Last read position: chr17_KI270729v1_random:13,058
INFO	2020-12-09 10:01:14	MarkDuplicates	Tracking 182861 as yet unmatched pairs. 5161 records in RAM.
INFO	2020-12-09 10:01:22	MarkDuplicates	Read    82,000,000 records.  Elapsed time: 00:10:10s.  Time for last 1,000,000:    8s.  Last read position: chr8_KI270822v1_alt:120,976
INFO	2020-12-09 10:01:22	MarkDuplicates	Tracking 144433 as yet unmatched pairs. 38 records in RAM.
INFO	2020-12-09 10:01:31	MarkDuplicates	Read    83,000,000 records.  Elapsed time: 00:10:18s.  Time for last 1,000,000:    8s.  Last read position: chrUn_KN707896v1_decoy:13,989
INFO	2020-12-09 10:01:31	MarkDuplicates	Tracking 192085 as yet unmatched pairs. 113690 records in RAM.
INFO	2020-12-09 10:01:38	MarkDuplicates	Read 83646559 records. 0 pairs never matched.
INFO	2020-12-09 10:01:59	MarkDuplicates	After buildSortedReadEndLists freeMemory: 251794048; totalMemory: 258998272; maxMemory: 4294967296
INFO	2020-12-09 10:01:59	MarkDuplicates	Will retain up to 134217728 duplicate indices before spilling to disk.
INFO	2020-12-09 10:01:59	MarkDuplicates	Traversing read pair information and detecting duplicates.
INFO	2020-12-09 10:02:20	MarkDuplicates	Traversing fragment information and detecting duplicates.
INFO	2020-12-09 10:02:57	MarkDuplicates	Sorting list of duplicate records.
INFO	2020-12-09 10:02:57	MarkDuplicates	After generateDuplicateIndexes freeMemory: 765996824; totalMemory: 1847590912; maxMemory: 4294967296
INFO	2020-12-09 10:02:57	MarkDuplicates	Marking 4244519 records as duplicates.
INFO	2020-12-09 10:02:57	MarkDuplicates	Found 458048 optical duplicate clusters.
INFO	2020-12-09 10:02:57	MarkDuplicates	Reads are assumed to be ordered by: coordinate
INFO	2020-12-09 10:07:12	MarkDuplicates	Written    10,000,000 records.  Elapsed time: 00:04:14s.  Time for last 10,000,000:  254s.  Last read position: chr2:128,475,256
INFO	2020-12-09 10:11:34	MarkDuplicates	Written    20,000,000 records.  Elapsed time: 00:08:36s.  Time for last 10,000,000:  262s.  Last read position: chr4:51,507,901
INFO	2020-12-09 10:16:04	MarkDuplicates	Written    30,000,000 records.  Elapsed time: 00:13:06s.  Time for last 10,000,000:  269s.  Last read position: chr6:52,869,457
INFO	2020-12-09 10:20:24	MarkDuplicates	Written    40,000,000 records.  Elapsed time: 00:17:26s.  Time for last 10,000,000:  260s.  Last read position: chr8:95,714,693
INFO	2020-12-09 10:24:46	MarkDuplicates	Written    50,000,000 records.  Elapsed time: 00:21:48s.  Time for last 10,000,000:  261s.  Last read position: chr11:73,203,327
INFO	2020-12-09 10:29:10	MarkDuplicates	Written    60,000,000 records.  Elapsed time: 00:26:12s.  Time for last 10,000,000:  264s.  Last read position: chr14:88,423,109
INFO	2020-12-09 10:33:30	MarkDuplicates	Written    70,000,000 records.  Elapsed time: 00:30:32s.  Time for last 10,000,000:  260s.  Last read position: chr19:53,727,353
INFO	2020-12-09 10:37:41	MarkDuplicates	Before output close freeMemory: 101323968; totalMemory: 109051904; maxMemory: 4294967296
INFO	2020-12-09 10:37:41	MarkDuplicates	After output close freeMemory: 35162728; totalMemory: 41943040; maxMemory: 4294967296
[Wed Dec 09 10:37:41 IST 2020] picard.sam.markduplicates.MarkDuplicates done. Elapsed time: 46.60 minutes.
Runtime.totalMemory()=41943040
