STAR version=STAR_2.6.0c
STAR compilation time,server,dir=Tue Jul 10 17:32:20 IST 2018 actinium:/data/Priyanka/softwares/STAR-2.6.0c/source
##### DEFAULT parameters:
versionSTAR                       20201
versionGenome                     20101   20200   
parametersFiles                   -   
sysShell                          -
runMode                           alignReads
runThreadN                        1
runDirPerm                        User_RWX
runRNGseed                        777
genomeDir                         ./GenomeDir/
genomeLoad                        NoSharedMemory
genomeFastaFiles                  -   
genomeChainFiles                  -   
genomeSAindexNbases               14
genomeChrBinNbits                 18
genomeSAsparseD                   1
genomeSuffixLengthMax             18446744073709551615
genomeFileSizes                   0   
genomeConsensusFile               -
readFilesType                     Fastx   
readFilesIn                       Read1   Read2   
readFilesPrefix                   -
readFilesCommand                  -   
readMatesLengthsIn                NotEqual
readMapNumber                     18446744073709551615
readNameSeparator                 /   
inputBAMfile                      -
bamRemoveDuplicatesType           -
bamRemoveDuplicatesMate2basesN    0
limitGenomeGenerateRAM            31000000000
limitIObufferSize                 150000000
limitOutSAMoneReadBytes           100000
limitOutSJcollapsed               1000000
limitOutSJoneRead                 1000
limitBAMsortRAM                   0
limitSjdbInsertNsj                1000000
outFileNamePrefix                 ./
outTmpDir                         -
outTmpKeep                        None
outStd                            Log
outReadsUnmapped                  None
outQSconversionAdd                0
outMultimapperOrder               Old_2.4
outSAMtype                        SAM   
outSAMmode                        Full
outSAMstrandField                 None
outSAMattributes                  Standard   
outSAMunmapped                    None   
outSAMorder                       Paired
outSAMprimaryFlag                 OneBestScore
outSAMreadID                      Standard
outSAMmapqUnique                  255
outSAMflagOR                      0
outSAMflagAND                     65535
outSAMattrRGline                  -   
outSAMheaderHD                    -   
outSAMheaderPG                    -   
outSAMheaderCommentFile           -
outBAMcompression                 1
outBAMsortingThreadN              0
outBAMsortingBinsN                50
outSAMfilter                      None   
outSAMmultNmax                    18446744073709551615
outSAMattrIHstart                 1
outSAMtlen                        1
outSJfilterReads                  All
outSJfilterCountUniqueMin         3   1   1   1   
outSJfilterCountTotalMin          3   1   1   1   
outSJfilterOverhangMin            30   12   12   12   
outSJfilterDistToOtherSJmin       10   0   5   10   
outSJfilterIntronMaxVsReadN       50000   100000   200000   
outWigType                        None   
outWigStrand                      Stranded   
outWigReferencesPrefix            -
outWigNorm                        RPM   
outFilterType                     Normal
outFilterMultimapNmax             10
outFilterMultimapScoreRange       1
outFilterScoreMin                 0
outFilterScoreMinOverLread        0.66
outFilterMatchNmin                0
outFilterMatchNminOverLread       0.66
outFilterMismatchNmax             10
outFilterMismatchNoverLmax        0.3
outFilterMismatchNoverReadLmax    1
outFilterIntronMotifs             None
outFilterIntronStrands            RemoveInconsistentStrands
clip5pNbases                      0   
clip3pNbases                      0   
clip3pAfterAdapterNbases          0   
clip3pAdapterSeq                  -   
clip3pAdapterMMp                  0.1   
winBinNbits                       16
winAnchorDistNbins                9
winFlankNbins                     4
winAnchorMultimapNmax             50
winReadCoverageRelativeMin        0.5
winReadCoverageBasesMin           0
scoreGap                          0
scoreGapNoncan                    -8
scoreGapGCAG                      -4
scoreGapATAC                      -8
scoreStitchSJshift                1
scoreGenomicLengthLog2scale       -0.25
scoreDelBase                      -2
scoreDelOpen                      -2
scoreInsOpen                      -2
scoreInsBase                      -2
seedSearchLmax                    0
seedSearchStartLmax               50
seedSearchStartLmaxOverLread      1
seedPerReadNmax                   1000
seedPerWindowNmax                 50
seedNoneLociPerWindow             10
seedMultimapNmax                  10000
seedSplitMin                      12
alignIntronMin                    21
alignIntronMax                    0
alignMatesGapMax                  0
alignTranscriptsPerReadNmax       10000
alignSJoverhangMin                5
alignSJDBoverhangMin              3
alignSJstitchMismatchNmax         0   -1   0   0   
alignSplicedMateMapLmin           0
alignSplicedMateMapLminOverLmate    0.66
alignWindowsPerReadNmax           10000
alignTranscriptsPerWindowNmax     100
alignEndsType                     Local
alignSoftClipAtReferenceEnds      Yes
alignEndsProtrude                 0   ConcordantPair   
alignInsertionFlush               None
peOverlapNbasesMin                0
peOverlapMMp                      0.1
chimSegmentMin                    0
chimScoreMin                      0
chimScoreDropMax                  20
chimScoreSeparation               10
chimScoreJunctionNonGTAG          -1
chimMainSegmentMultNmax           10
chimJunctionOverhangMin           20
chimOutType                       Junctions   
chimFilter                        banGenomicN   
chimSegmentReadGapMax             0
chimMultimapNmax                  0
chimMultimapScoreRange            1
chimNonchimScoreDropMin           20
sjdbFileChrStartEnd               -   
sjdbGTFfile                       -
sjdbGTFchrPrefix                  -
sjdbGTFfeatureExon                exon
sjdbGTFtagExonParentTranscript    transcript_id
sjdbGTFtagExonParentGene          gene_id
sjdbOverhang                      100
sjdbScore                         2
sjdbInsertSave                    Basic
varVCFfile                        -
waspOutputMode                    None
quantMode                         -   
quantTranscriptomeBAMcompression    1
quantTranscriptomeBan             IndelSoftclipSingleend
twopass1readsN                    18446744073709551615
twopassMode                       None
##### Command Line:
../../../softwares/STAR-2.6.0c/bin/STAR --runMode genomeGenerate --runThreadN 60 --genomeDir ./Ref/star-index --genomeFastaFiles ./Ref/gencode/GRCh38.primary_assembly.genome.fa --sjdbGTFfile ./Ref/gencode/gencode.v29.annotation.gtf --sjdbOverhang 150
##### Initial USER parameters from Command Line:
###### All USER parameters from Command Line:
runMode                       genomeGenerate     ~RE-DEFINED
runThreadN                    60     ~RE-DEFINED
genomeDir                     ./Ref/star-index     ~RE-DEFINED
genomeFastaFiles              ./Ref/gencode/GRCh38.primary_assembly.genome.fa        ~RE-DEFINED
sjdbGTFfile                   ./Ref/gencode/gencode.v29.annotation.gtf     ~RE-DEFINED
sjdbOverhang                  150     ~RE-DEFINED
##### Finished reading parameters from all sources

##### Final user re-defined parameters-----------------:
runMode                           genomeGenerate
runThreadN                        60
genomeDir                         ./Ref/star-index
genomeFastaFiles                  ./Ref/gencode/GRCh38.primary_assembly.genome.fa   
sjdbGTFfile                       ./Ref/gencode/gencode.v29.annotation.gtf
sjdbOverhang                      150

-------------------------------
##### Final effective command line:
../../../softwares/STAR-2.6.0c/bin/STAR   --runMode genomeGenerate   --runThreadN 60   --genomeDir ./Ref/star-index   --genomeFastaFiles ./Ref/gencode/GRCh38.primary_assembly.genome.fa      --sjdbGTFfile ./Ref/gencode/gencode.v29.annotation.gtf   --sjdbOverhang 150

##### Final parameters after user input--------------------------------:
versionSTAR                       20201
versionGenome                     20101   20200   
parametersFiles                   -   
sysShell                          -
runMode                           genomeGenerate
runThreadN                        60
runDirPerm                        User_RWX
runRNGseed                        777
genomeDir                         ./Ref/star-index
genomeLoad                        NoSharedMemory
genomeFastaFiles                  ./Ref/gencode/GRCh38.primary_assembly.genome.fa   
genomeChainFiles                  -   
genomeSAindexNbases               14
genomeChrBinNbits                 18
genomeSAsparseD                   1
genomeSuffixLengthMax             18446744073709551615
genomeFileSizes                   0   
genomeConsensusFile               -
readFilesType                     Fastx   
readFilesIn                       Read1   Read2   
readFilesPrefix                   -
readFilesCommand                  -   
readMatesLengthsIn                NotEqual
readMapNumber                     18446744073709551615
readNameSeparator                 /   
inputBAMfile                      -
bamRemoveDuplicatesType           -
bamRemoveDuplicatesMate2basesN    0
limitGenomeGenerateRAM            31000000000
limitIObufferSize                 150000000
limitOutSAMoneReadBytes           100000
limitOutSJcollapsed               1000000
limitOutSJoneRead                 1000
limitBAMsortRAM                   0
limitSjdbInsertNsj                1000000
outFileNamePrefix                 ./
outTmpDir                         -
outTmpKeep                        None
outStd                            Log
outReadsUnmapped                  None
outQSconversionAdd                0
outMultimapperOrder               Old_2.4
outSAMtype                        SAM   
outSAMmode                        Full
outSAMstrandField                 None
outSAMattributes                  Standard   
outSAMunmapped                    None   
outSAMorder                       Paired
outSAMprimaryFlag                 OneBestScore
outSAMreadID                      Standard
outSAMmapqUnique                  255
outSAMflagOR                      0
outSAMflagAND                     65535
outSAMattrRGline                  -   
outSAMheaderHD                    -   
outSAMheaderPG                    -   
outSAMheaderCommentFile           -
outBAMcompression                 1
outBAMsortingThreadN              0
outBAMsortingBinsN                50
outSAMfilter                      None   
outSAMmultNmax                    18446744073709551615
outSAMattrIHstart                 1
outSAMtlen                        1
outSJfilterReads                  All
outSJfilterCountUniqueMin         3   1   1   1   
outSJfilterCountTotalMin          3   1   1   1   
outSJfilterOverhangMin            30   12   12   12   
outSJfilterDistToOtherSJmin       10   0   5   10   
outSJfilterIntronMaxVsReadN       50000   100000   200000   
outWigType                        None   
outWigStrand                      Stranded   
outWigReferencesPrefix            -
outWigNorm                        RPM   
outFilterType                     Normal
outFilterMultimapNmax             10
outFilterMultimapScoreRange       1
outFilterScoreMin                 0
outFilterScoreMinOverLread        0.66
outFilterMatchNmin                0
outFilterMatchNminOverLread       0.66
outFilterMismatchNmax             10
outFilterMismatchNoverLmax        0.3
outFilterMismatchNoverReadLmax    1
outFilterIntronMotifs             None
outFilterIntronStrands            RemoveInconsistentStrands
clip5pNbases                      0   
clip3pNbases                      0   
clip3pAfterAdapterNbases          0   
clip3pAdapterSeq                  -   
clip3pAdapterMMp                  0.1   
winBinNbits                       16
winAnchorDistNbins                9
winFlankNbins                     4
winAnchorMultimapNmax             50
winReadCoverageRelativeMin        0.5
winReadCoverageBasesMin           0
scoreGap                          0
scoreGapNoncan                    -8
scoreGapGCAG                      -4
scoreGapATAC                      -8
scoreStitchSJshift                1
scoreGenomicLengthLog2scale       -0.25
scoreDelBase                      -2
scoreDelOpen                      -2
scoreInsOpen                      -2
scoreInsBase                      -2
seedSearchLmax                    0
seedSearchStartLmax               50
seedSearchStartLmaxOverLread      1
seedPerReadNmax                   1000
seedPerWindowNmax                 50
seedNoneLociPerWindow             10
seedMultimapNmax                  10000
seedSplitMin                      12
alignIntronMin                    21
alignIntronMax                    0
alignMatesGapMax                  0
alignTranscriptsPerReadNmax       10000
alignSJoverhangMin                5
alignSJDBoverhangMin              3
alignSJstitchMismatchNmax         0   -1   0   0   
alignSplicedMateMapLmin           0
alignSplicedMateMapLminOverLmate    0.66
alignWindowsPerReadNmax           10000
alignTranscriptsPerWindowNmax     100
alignEndsType                     Local
alignSoftClipAtReferenceEnds      Yes
alignEndsProtrude                 0   ConcordantPair   
alignInsertionFlush               None
peOverlapNbasesMin                0
peOverlapMMp                      0.1
chimSegmentMin                    0
chimScoreMin                      0
chimScoreDropMax                  20
chimScoreSeparation               10
chimScoreJunctionNonGTAG          -1
chimMainSegmentMultNmax           10
chimJunctionOverhangMin           20
chimOutType                       Junctions   
chimFilter                        banGenomicN   
chimSegmentReadGapMax             0
chimMultimapNmax                  0
chimMultimapScoreRange            1
chimNonchimScoreDropMin           20
sjdbFileChrStartEnd               -   
sjdbGTFfile                       ./Ref/gencode/gencode.v29.annotation.gtf
sjdbGTFchrPrefix                  -
sjdbGTFfeatureExon                exon
sjdbGTFtagExonParentTranscript    transcript_id
sjdbGTFtagExonParentGene          gene_id
sjdbOverhang                      150
sjdbScore                         2
sjdbInsertSave                    Basic
varVCFfile                        -
waspOutputMode                    None
quantMode                         -   
quantTranscriptomeBAMcompression    1
quantTranscriptomeBan             IndelSoftclipSingleend
twopass1readsN                    18446744073709551615
twopassMode                       None
----------------------------------------

Finished loading and checking parameters
Apr 05 21:36:06 ... starting to generate Genome files
./Ref/gencode/GRCh38.primary_assembly.genome.fa : chr # 0  "chr1" chrStart: 0
./Ref/gencode/GRCh38.primary_assembly.genome.fa : chr # 1  "chr2" chrStart: 249036800
./Ref/gencode/GRCh38.primary_assembly.genome.fa : chr # 2  "chr3" chrStart: 491257856
./Ref/gencode/GRCh38.primary_assembly.genome.fa : chr # 3  "chr4" chrStart: 689700864
./Ref/gencode/GRCh38.primary_assembly.genome.fa : chr # 4  "chr5" chrStart: 880017408
./Ref/gencode/GRCh38.primary_assembly.genome.fa : chr # 5  "chr6" chrStart: 1061683200
./Ref/gencode/GRCh38.primary_assembly.genome.fa : chr # 6  "chr7" chrStart: 1232601088
./Ref/gencode/GRCh38.primary_assembly.genome.fa : chr # 7  "chr8" chrStart: 1391984640
./Ref/gencode/GRCh38.primary_assembly.genome.fa : chr # 8  "chr9" chrStart: 1537212416
./Ref/gencode/GRCh38.primary_assembly.genome.fa : chr # 9  "chr10" chrStart: 1675624448
./Ref/gencode/GRCh38.primary_assembly.genome.fa : chr # 10  "chr11" chrStart: 1809580032
./Ref/gencode/GRCh38.primary_assembly.genome.fa : chr # 11  "chr12" chrStart: 1944846336
./Ref/gencode/GRCh38.primary_assembly.genome.fa : chr # 12  "chr13" chrStart: 2078277632
./Ref/gencode/GRCh38.primary_assembly.genome.fa : chr # 13  "chr14" chrStart: 2192834560
./Ref/gencode/GRCh38.primary_assembly.genome.fa : chr # 14  "chr15" chrStart: 2300051456
./Ref/gencode/GRCh38.primary_assembly.genome.fa : chr # 15  "chr16" chrStart: 2402287616
./Ref/gencode/GRCh38.primary_assembly.genome.fa : chr # 16  "chr17" chrStart: 2492727296
./Ref/gencode/GRCh38.primary_assembly.genome.fa : chr # 17  "chr18" chrStart: 2576089088
./Ref/gencode/GRCh38.primary_assembly.genome.fa : chr # 18  "chr19" chrStart: 2656567296
./Ref/gencode/GRCh38.primary_assembly.genome.fa : chr # 19  "chr20" chrStart: 2715287552
./Ref/gencode/GRCh38.primary_assembly.genome.fa : chr # 20  "chr21" chrStart: 2779774976
./Ref/gencode/GRCh38.primary_assembly.genome.fa : chr # 21  "chr22" chrStart: 2826698752
./Ref/gencode/GRCh38.primary_assembly.genome.fa : chr # 22  "chrX" chrStart: 2877554688
./Ref/gencode/GRCh38.primary_assembly.genome.fa : chr # 23  "chrY" chrStart: 3033792512
./Ref/gencode/GRCh38.primary_assembly.genome.fa : chr # 24  "chrM" chrStart: 3091202048
./Ref/gencode/GRCh38.primary_assembly.genome.fa : chr # 25  "GL000008.2" chrStart: 3091464192
./Ref/gencode/GRCh38.primary_assembly.genome.fa : chr # 26  "GL000009.2" chrStart: 3091726336
./Ref/gencode/GRCh38.primary_assembly.genome.fa : chr # 27  "GL000194.1" chrStart: 3091988480
./Ref/gencode/GRCh38.primary_assembly.genome.fa : chr # 28  "GL000195.1" chrStart: 3092250624
./Ref/gencode/GRCh38.primary_assembly.genome.fa : chr # 29  "GL000205.2" chrStart: 3092512768
./Ref/gencode/GRCh38.primary_assembly.genome.fa : chr # 30  "GL000208.1" chrStart: 3092774912
./Ref/gencode/GRCh38.primary_assembly.genome.fa : chr # 31  "GL000213.1" chrStart: 3093037056
./Ref/gencode/GRCh38.primary_assembly.genome.fa : chr # 32  "GL000214.1" chrStart: 3093299200
./Ref/gencode/GRCh38.primary_assembly.genome.fa : chr # 33  "GL000216.2" chrStart: 3093561344
./Ref/gencode/GRCh38.primary_assembly.genome.fa : chr # 34  "GL000218.1" chrStart: 3093823488
./Ref/gencode/GRCh38.primary_assembly.genome.fa : chr # 35  "GL000219.1" chrStart: 3094085632
./Ref/gencode/GRCh38.primary_assembly.genome.fa : chr # 36  "GL000220.1" chrStart: 3094347776
./Ref/gencode/GRCh38.primary_assembly.genome.fa : chr # 37  "GL000221.1" chrStart: 3094609920
./Ref/gencode/GRCh38.primary_assembly.genome.fa : chr # 38  "GL000224.1" chrStart: 3094872064
./Ref/gencode/GRCh38.primary_assembly.genome.fa : chr # 39  "GL000225.1" chrStart: 3095134208
./Ref/gencode/GRCh38.primary_assembly.genome.fa : chr # 40  "GL000226.1" chrStart: 3095396352
./Ref/gencode/GRCh38.primary_assembly.genome.fa : chr # 41  "KI270302.1" chrStart: 3095658496
./Ref/gencode/GRCh38.primary_assembly.genome.fa : chr # 42  "KI270303.1" chrStart: 3095920640
./Ref/gencode/GRCh38.primary_assembly.genome.fa : chr # 43  "KI270304.1" chrStart: 3096182784
./Ref/gencode/GRCh38.primary_assembly.genome.fa : chr # 44  "KI270305.1" chrStart: 3096444928
./Ref/gencode/GRCh38.primary_assembly.genome.fa : chr # 45  "KI270310.1" chrStart: 3096707072
./Ref/gencode/GRCh38.primary_assembly.genome.fa : chr # 46  "KI270311.1" chrStart: 3096969216
./Ref/gencode/GRCh38.primary_assembly.genome.fa : chr # 47  "KI270312.1" chrStart: 3097231360
./Ref/gencode/GRCh38.primary_assembly.genome.fa : chr # 48  "KI270315.1" chrStart: 3097493504
./Ref/gencode/GRCh38.primary_assembly.genome.fa : chr # 49  "KI270316.1" chrStart: 3097755648
./Ref/gencode/GRCh38.primary_assembly.genome.fa : chr # 50  "KI270317.1" chrStart: 3098017792
./Ref/gencode/GRCh38.primary_assembly.genome.fa : chr # 51  "KI270320.1" chrStart: 3098279936
./Ref/gencode/GRCh38.primary_assembly.genome.fa : chr # 52  "KI270322.1" chrStart: 3098542080
./Ref/gencode/GRCh38.primary_assembly.genome.fa : chr # 53  "KI270329.1" chrStart: 3098804224
./Ref/gencode/GRCh38.primary_assembly.genome.fa : chr # 54  "KI270330.1" chrStart: 3099066368
./Ref/gencode/GRCh38.primary_assembly.genome.fa : chr # 55  "KI270333.1" chrStart: 3099328512
./Ref/gencode/GRCh38.primary_assembly.genome.fa : chr # 56  "KI270334.1" chrStart: 3099590656
./Ref/gencode/GRCh38.primary_assembly.genome.fa : chr # 57  "KI270335.1" chrStart: 3099852800
./Ref/gencode/GRCh38.primary_assembly.genome.fa : chr # 58  "KI270336.1" chrStart: 3100114944
./Ref/gencode/GRCh38.primary_assembly.genome.fa : chr # 59  "KI270337.1" chrStart: 3100377088
./Ref/gencode/GRCh38.primary_assembly.genome.fa : chr # 60  "KI270338.1" chrStart: 3100639232
./Ref/gencode/GRCh38.primary_assembly.genome.fa : chr # 61  "KI270340.1" chrStart: 3100901376
./Ref/gencode/GRCh38.primary_assembly.genome.fa : chr # 62  "KI270362.1" chrStart: 3101163520
./Ref/gencode/GRCh38.primary_assembly.genome.fa : chr # 63  "KI270363.1" chrStart: 3101425664
./Ref/gencode/GRCh38.primary_assembly.genome.fa : chr # 64  "KI270364.1" chrStart: 3101687808
./Ref/gencode/GRCh38.primary_assembly.genome.fa : chr # 65  "KI270366.1" chrStart: 3101949952
./Ref/gencode/GRCh38.primary_assembly.genome.fa : chr # 66  "KI270371.1" chrStart: 3102212096
./Ref/gencode/GRCh38.primary_assembly.genome.fa : chr # 67  "KI270372.1" chrStart: 3102474240
./Ref/gencode/GRCh38.primary_assembly.genome.fa : chr # 68  "KI270373.1" chrStart: 3102736384
./Ref/gencode/GRCh38.primary_assembly.genome.fa : chr # 69  "KI270374.1" chrStart: 3102998528
./Ref/gencode/GRCh38.primary_assembly.genome.fa : chr # 70  "KI270375.1" chrStart: 3103260672
./Ref/gencode/GRCh38.primary_assembly.genome.fa : chr # 71  "KI270376.1" chrStart: 3103522816
./Ref/gencode/GRCh38.primary_assembly.genome.fa : chr # 72  "KI270378.1" chrStart: 3103784960
./Ref/gencode/GRCh38.primary_assembly.genome.fa : chr # 73  "KI270379.1" chrStart: 3104047104
./Ref/gencode/GRCh38.primary_assembly.genome.fa : chr # 74  "KI270381.1" chrStart: 3104309248
./Ref/gencode/GRCh38.primary_assembly.genome.fa : chr # 75  "KI270382.1" chrStart: 3104571392
./Ref/gencode/GRCh38.primary_assembly.genome.fa : chr # 76  "KI270383.1" chrStart: 3104833536
./Ref/gencode/GRCh38.primary_assembly.genome.fa : chr # 77  "KI270384.1" chrStart: 3105095680
./Ref/gencode/GRCh38.primary_assembly.genome.fa : chr # 78  "KI270385.1" chrStart: 3105357824
./Ref/gencode/GRCh38.primary_assembly.genome.fa : chr # 79  "KI270386.1" chrStart: 3105619968
./Ref/gencode/GRCh38.primary_assembly.genome.fa : chr # 80  "KI270387.1" chrStart: 3105882112
./Ref/gencode/GRCh38.primary_assembly.genome.fa : chr # 81  "KI270388.1" chrStart: 3106144256
./Ref/gencode/GRCh38.primary_assembly.genome.fa : chr # 82  "KI270389.1" chrStart: 3106406400
./Ref/gencode/GRCh38.primary_assembly.genome.fa : chr # 83  "KI270390.1" chrStart: 3106668544
./Ref/gencode/GRCh38.primary_assembly.genome.fa : chr # 84  "KI270391.1" chrStart: 3106930688
./Ref/gencode/GRCh38.primary_assembly.genome.fa : chr # 85  "KI270392.1" chrStart: 3107192832
./Ref/gencode/GRCh38.primary_assembly.genome.fa : chr # 86  "KI270393.1" chrStart: 3107454976
./Ref/gencode/GRCh38.primary_assembly.genome.fa : chr # 87  "KI270394.1" chrStart: 3107717120
./Ref/gencode/GRCh38.primary_assembly.genome.fa : chr # 88  "KI270395.1" chrStart: 3107979264
./Ref/gencode/GRCh38.primary_assembly.genome.fa : chr # 89  "KI270396.1" chrStart: 3108241408
./Ref/gencode/GRCh38.primary_assembly.genome.fa : chr # 90  "KI270411.1" chrStart: 3108503552
./Ref/gencode/GRCh38.primary_assembly.genome.fa : chr # 91  "KI270412.1" chrStart: 3108765696
./Ref/gencode/GRCh38.primary_assembly.genome.fa : chr # 92  "KI270414.1" chrStart: 3109027840
./Ref/gencode/GRCh38.primary_assembly.genome.fa : chr # 93  "KI270417.1" chrStart: 3109289984
./Ref/gencode/GRCh38.primary_assembly.genome.fa : chr # 94  "KI270418.1" chrStart: 3109552128
./Ref/gencode/GRCh38.primary_assembly.genome.fa : chr # 95  "KI270419.1" chrStart: 3109814272
./Ref/gencode/GRCh38.primary_assembly.genome.fa : chr # 96  "KI270420.1" chrStart: 3110076416
./Ref/gencode/GRCh38.primary_assembly.genome.fa : chr # 97  "KI270422.1" chrStart: 3110338560
./Ref/gencode/GRCh38.primary_assembly.genome.fa : chr # 98  "KI270423.1" chrStart: 3110600704
./Ref/gencode/GRCh38.primary_assembly.genome.fa : chr # 99  "KI270424.1" chrStart: 3110862848
./Ref/gencode/GRCh38.primary_assembly.genome.fa : chr # 100  "KI270425.1" chrStart: 3111124992
./Ref/gencode/GRCh38.primary_assembly.genome.fa : chr # 101  "KI270429.1" chrStart: 3111387136
./Ref/gencode/GRCh38.primary_assembly.genome.fa : chr # 102  "KI270435.1" chrStart: 3111649280
./Ref/gencode/GRCh38.primary_assembly.genome.fa : chr # 103  "KI270438.1" chrStart: 3111911424
./Ref/gencode/GRCh38.primary_assembly.genome.fa : chr # 104  "KI270442.1" chrStart: 3112173568
./Ref/gencode/GRCh38.primary_assembly.genome.fa : chr # 105  "KI270448.1" chrStart: 3112697856
./Ref/gencode/GRCh38.primary_assembly.genome.fa : chr # 106  "KI270465.1" chrStart: 3112960000
./Ref/gencode/GRCh38.primary_assembly.genome.fa : chr # 107  "KI270466.1" chrStart: 3113222144
./Ref/gencode/GRCh38.primary_assembly.genome.fa : chr # 108  "KI270467.1" chrStart: 3113484288
./Ref/gencode/GRCh38.primary_assembly.genome.fa : chr # 109  "KI270468.1" chrStart: 3113746432
./Ref/gencode/GRCh38.primary_assembly.genome.fa : chr # 110  "KI270507.1" chrStart: 3114008576
./Ref/gencode/GRCh38.primary_assembly.genome.fa : chr # 111  "KI270508.1" chrStart: 3114270720
./Ref/gencode/GRCh38.primary_assembly.genome.fa : chr # 112  "KI270509.1" chrStart: 3114532864
./Ref/gencode/GRCh38.primary_assembly.genome.fa : chr # 113  "KI270510.1" chrStart: 3114795008
./Ref/gencode/GRCh38.primary_assembly.genome.fa : chr # 114  "KI270511.1" chrStart: 3115057152
./Ref/gencode/GRCh38.primary_assembly.genome.fa : chr # 115  "KI270512.1" chrStart: 3115319296
./Ref/gencode/GRCh38.primary_assembly.genome.fa : chr # 116  "KI270515.1" chrStart: 3115581440
./Ref/gencode/GRCh38.primary_assembly.genome.fa : chr # 117  "KI270516.1" chrStart: 3115843584
./Ref/gencode/GRCh38.primary_assembly.genome.fa : chr # 118  "KI270517.1" chrStart: 3116105728
./Ref/gencode/GRCh38.primary_assembly.genome.fa : chr # 119  "KI270518.1" chrStart: 3116367872
./Ref/gencode/GRCh38.primary_assembly.genome.fa : chr # 120  "KI270519.1" chrStart: 3116630016
./Ref/gencode/GRCh38.primary_assembly.genome.fa : chr # 121  "KI270521.1" chrStart: 3116892160
./Ref/gencode/GRCh38.primary_assembly.genome.fa : chr # 122  "KI270522.1" chrStart: 3117154304
./Ref/gencode/GRCh38.primary_assembly.genome.fa : chr # 123  "KI270528.1" chrStart: 3117416448
./Ref/gencode/GRCh38.primary_assembly.genome.fa : chr # 124  "KI270529.1" chrStart: 3117678592
./Ref/gencode/GRCh38.primary_assembly.genome.fa : chr # 125  "KI270530.1" chrStart: 3117940736
./Ref/gencode/GRCh38.primary_assembly.genome.fa : chr # 126  "KI270538.1" chrStart: 3118202880
./Ref/gencode/GRCh38.primary_assembly.genome.fa : chr # 127  "KI270539.1" chrStart: 3118465024
./Ref/gencode/GRCh38.primary_assembly.genome.fa : chr # 128  "KI270544.1" chrStart: 3118727168
./Ref/gencode/GRCh38.primary_assembly.genome.fa : chr # 129  "KI270548.1" chrStart: 3118989312
./Ref/gencode/GRCh38.primary_assembly.genome.fa : chr # 130  "KI270579.1" chrStart: 3119251456
./Ref/gencode/GRCh38.primary_assembly.genome.fa : chr # 131  "KI270580.1" chrStart: 3119513600
./Ref/gencode/GRCh38.primary_assembly.genome.fa : chr # 132  "KI270581.1" chrStart: 3119775744
./Ref/gencode/GRCh38.primary_assembly.genome.fa : chr # 133  "KI270582.1" chrStart: 3120037888
./Ref/gencode/GRCh38.primary_assembly.genome.fa : chr # 134  "KI270583.1" chrStart: 3120300032
./Ref/gencode/GRCh38.primary_assembly.genome.fa : chr # 135  "KI270584.1" chrStart: 3120562176
./Ref/gencode/GRCh38.primary_assembly.genome.fa : chr # 136  "KI270587.1" chrStart: 3120824320
./Ref/gencode/GRCh38.primary_assembly.genome.fa : chr # 137  "KI270588.1" chrStart: 3121086464
./Ref/gencode/GRCh38.primary_assembly.genome.fa : chr # 138  "KI270589.1" chrStart: 3121348608
./Ref/gencode/GRCh38.primary_assembly.genome.fa : chr # 139  "KI270590.1" chrStart: 3121610752
./Ref/gencode/GRCh38.primary_assembly.genome.fa : chr # 140  "KI270591.1" chrStart: 3121872896
./Ref/gencode/GRCh38.primary_assembly.genome.fa : chr # 141  "KI270593.1" chrStart: 3122135040
./Ref/gencode/GRCh38.primary_assembly.genome.fa : chr # 142  "KI270706.1" chrStart: 3122397184
./Ref/gencode/GRCh38.primary_assembly.genome.fa : chr # 143  "KI270707.1" chrStart: 3122659328
./Ref/gencode/GRCh38.primary_assembly.genome.fa : chr # 144  "KI270708.1" chrStart: 3122921472
./Ref/gencode/GRCh38.primary_assembly.genome.fa : chr # 145  "KI270709.1" chrStart: 3123183616
./Ref/gencode/GRCh38.primary_assembly.genome.fa : chr # 146  "KI270710.1" chrStart: 3123445760
./Ref/gencode/GRCh38.primary_assembly.genome.fa : chr # 147  "KI270711.1" chrStart: 3123707904
./Ref/gencode/GRCh38.primary_assembly.genome.fa : chr # 148  "KI270712.1" chrStart: 3123970048
./Ref/gencode/GRCh38.primary_assembly.genome.fa : chr # 149  "KI270713.1" chrStart: 3124232192
./Ref/gencode/GRCh38.primary_assembly.genome.fa : chr # 150  "KI270714.1" chrStart: 3124494336
./Ref/gencode/GRCh38.primary_assembly.genome.fa : chr # 151  "KI270715.1" chrStart: 3124756480
./Ref/gencode/GRCh38.primary_assembly.genome.fa : chr # 152  "KI270716.1" chrStart: 3125018624
./Ref/gencode/GRCh38.primary_assembly.genome.fa : chr # 153  "KI270717.1" chrStart: 3125280768
./Ref/gencode/GRCh38.primary_assembly.genome.fa : chr # 154  "KI270718.1" chrStart: 3125542912
./Ref/gencode/GRCh38.primary_assembly.genome.fa : chr # 155  "KI270719.1" chrStart: 3125805056
./Ref/gencode/GRCh38.primary_assembly.genome.fa : chr # 156  "KI270720.1" chrStart: 3126067200
./Ref/gencode/GRCh38.primary_assembly.genome.fa : chr # 157  "KI270721.1" chrStart: 3126329344
./Ref/gencode/GRCh38.primary_assembly.genome.fa : chr # 158  "KI270722.1" chrStart: 3126591488
./Ref/gencode/GRCh38.primary_assembly.genome.fa : chr # 159  "KI270723.1" chrStart: 3126853632
./Ref/gencode/GRCh38.primary_assembly.genome.fa : chr # 160  "KI270724.1" chrStart: 3127115776
./Ref/gencode/GRCh38.primary_assembly.genome.fa : chr # 161  "KI270725.1" chrStart: 3127377920
./Ref/gencode/GRCh38.primary_assembly.genome.fa : chr # 162  "KI270726.1" chrStart: 3127640064
./Ref/gencode/GRCh38.primary_assembly.genome.fa : chr # 163  "KI270727.1" chrStart: 3127902208
./Ref/gencode/GRCh38.primary_assembly.genome.fa : chr # 164  "KI270728.1" chrStart: 3128426496
./Ref/gencode/GRCh38.primary_assembly.genome.fa : chr # 165  "KI270729.1" chrStart: 3130523648
./Ref/gencode/GRCh38.primary_assembly.genome.fa : chr # 166  "KI270730.1" chrStart: 3131047936
./Ref/gencode/GRCh38.primary_assembly.genome.fa : chr # 167  "KI270731.1" chrStart: 3131310080
./Ref/gencode/GRCh38.primary_assembly.genome.fa : chr # 168  "KI270732.1" chrStart: 3131572224
./Ref/gencode/GRCh38.primary_assembly.genome.fa : chr # 169  "KI270733.1" chrStart: 3131834368
./Ref/gencode/GRCh38.primary_assembly.genome.fa : chr # 170  "KI270734.1" chrStart: 3132096512
./Ref/gencode/GRCh38.primary_assembly.genome.fa : chr # 171  "KI270735.1" chrStart: 3132358656
./Ref/gencode/GRCh38.primary_assembly.genome.fa : chr # 172  "KI270736.1" chrStart: 3132620800
./Ref/gencode/GRCh38.primary_assembly.genome.fa : chr # 173  "KI270737.1" chrStart: 3132882944
./Ref/gencode/GRCh38.primary_assembly.genome.fa : chr # 174  "KI270738.1" chrStart: 3133145088
./Ref/gencode/GRCh38.primary_assembly.genome.fa : chr # 175  "KI270739.1" chrStart: 3133407232
./Ref/gencode/GRCh38.primary_assembly.genome.fa : chr # 176  "KI270740.1" chrStart: 3133669376
./Ref/gencode/GRCh38.primary_assembly.genome.fa : chr # 177  "KI270741.1" chrStart: 3133931520
./Ref/gencode/GRCh38.primary_assembly.genome.fa : chr # 178  "KI270742.1" chrStart: 3134193664
./Ref/gencode/GRCh38.primary_assembly.genome.fa : chr # 179  "KI270743.1" chrStart: 3134455808
./Ref/gencode/GRCh38.primary_assembly.genome.fa : chr # 180  "KI270744.1" chrStart: 3134717952
./Ref/gencode/GRCh38.primary_assembly.genome.fa : chr # 181  "KI270745.1" chrStart: 3134980096
./Ref/gencode/GRCh38.primary_assembly.genome.fa : chr # 182  "KI270746.1" chrStart: 3135242240
./Ref/gencode/GRCh38.primary_assembly.genome.fa : chr # 183  "KI270747.1" chrStart: 3135504384
./Ref/gencode/GRCh38.primary_assembly.genome.fa : chr # 184  "KI270748.1" chrStart: 3135766528
./Ref/gencode/GRCh38.primary_assembly.genome.fa : chr # 185  "KI270749.1" chrStart: 3136028672
./Ref/gencode/GRCh38.primary_assembly.genome.fa : chr # 186  "KI270750.1" chrStart: 3136290816
./Ref/gencode/GRCh38.primary_assembly.genome.fa : chr # 187  "KI270751.1" chrStart: 3136552960
./Ref/gencode/GRCh38.primary_assembly.genome.fa : chr # 188  "KI270752.1" chrStart: 3136815104
./Ref/gencode/GRCh38.primary_assembly.genome.fa : chr # 189  "KI270753.1" chrStart: 3137077248
./Ref/gencode/GRCh38.primary_assembly.genome.fa : chr # 190  "KI270754.1" chrStart: 3137339392
./Ref/gencode/GRCh38.primary_assembly.genome.fa : chr # 191  "KI270755.1" chrStart: 3137601536
./Ref/gencode/GRCh38.primary_assembly.genome.fa : chr # 192  "KI270756.1" chrStart: 3137863680
./Ref/gencode/GRCh38.primary_assembly.genome.fa : chr # 193  "KI270757.1" chrStart: 3138125824
Number of SA indices: 5897255510
Apr 05 21:37:41 ... starting to sort Suffix Array. This may take a long time...
Number of chunks: 223;   chunks size limit: 247232040 bytes
Apr 05 21:38:06 ... sorting Suffix Array chunks and saving them to disk...
Writing 576 bytes into ./Ref/star-index/SA_4 ; empty space on disk = 1347576983552 bytes ... done
Writing 1656 bytes into ./Ref/star-index/SA_16 ; empty space on disk = 1347576979456 bytes ... done
Writing 304 bytes into ./Ref/star-index/SA_54 ; empty space on disk = 1347576975360 bytes ... done
Writing 6960 bytes into ./Ref/star-index/SA_59 ; empty space on disk = 1347576971264 bytes ... done
Writing 157185704 bytes into ./Ref/star-index/SA_44 ; empty space on disk = 1347576135680 bytes ... done
Writing 158870456 bytes into ./Ref/star-index/SA_22 ; empty space on disk = 1347418947584 bytes ... done
Writing 140178904 bytes into ./Ref/star-index/SA_40 ; empty space on disk = 1347260076032 bytes ... done
Writing 176334552 bytes into ./Ref/star-index/SA_39 ; empty space on disk = 1347119894528 bytes ... done
Writing 180628120 bytes into ./Ref/star-index/SA_37 ; empty space on disk = 1346943557632 bytes ... done
Writing 198164648 bytes into ./Ref/star-index/SA_21 ; empty space on disk = 1346762928128 bytes ... done
Writing 160432672 bytes into ./Ref/star-index/SA_51 ; empty space on disk = 1346564759552 bytes ... done
Writing 173520312 bytes into ./Ref/star-index/SA_9 ; empty space on disk = 1346404048896 bytes ... done
Writing 170049536 bytes into ./Ref/star-index/SA_45 ; empty space on disk = 1346229977088 bytes ... done
Writing 185331736 bytes into ./Ref/star-index/SA_38 ; empty space on disk = 1346059927552 bytes ... done
Writing 197925920 bytes into ./Ref/star-index/SA_57 ; empty space on disk = 1345874591744 bytes ...Writing 207083328 bytes into ./Ref/star-index/SA_26 ; empty space on disk = 1345829867520 bytes ... done
 done
Writing 206866336 bytes into ./Ref/star-index/SA_52 ; empty space on disk = 1345469579264 bytes ... done
Writing 209110448 bytes into ./Ref/star-index/SA_34 ; empty space on disk = 1345262698496 bytes ... done
Writing 217719152 bytes into ./Ref/star-index/SA_33 ; empty space on disk = 1345053585408 bytes ... done
Writing 205033944 bytes into ./Ref/star-index/SA_36 ; empty space on disk = 1344835862528 bytes ... done
Writing 194104816 bytes into ./Ref/star-index/SA_13 ; empty space on disk = 1344630824960 bytes ... done
Writing 274815336 bytes into ./Ref/star-index/SA_55 ; empty space on disk = 1344436719616 bytes ... done
Writing 176746480 bytes into ./Ref/star-index/SA_29 ; empty space on disk = 1344161902592 bytes ... done
Writing 251879384 bytes into ./Ref/star-index/SA_20 ; empty space on disk = 1343985156096 bytes ... done
Writing 218679200 bytes into ./Ref/star-index/SA_47 ; empty space on disk = 1343733276672 bytes ... done
Writing 180280440 bytes into ./Ref/star-index/SA_48 ; empty space on disk = 1343514595328 bytes ... done
Writing 243875592 bytes into ./Ref/star-index/SA_50 ; empty space on disk = 1343334313984 bytes ... done
Writing 311715080 bytes into ./Ref/star-index/SA_43 ; empty space on disk = 1343090438144 bytes ... done
Writing 166936696 bytes into ./Ref/star-index/SA_25 ; empty space on disk = 1342778720256 bytes ... done
Writing 218271520 bytes into ./Ref/star-index/SA_10 ; empty space on disk = 1342611779584 bytes ... done
Writing 190470320 bytes into ./Ref/star-index/SA_18 ; empty space on disk = 1342393507840 bytes ... done
Writing 229330632 bytes into ./Ref/star-index/SA_32 ; empty space on disk = 1342203035648 bytes ... done
Writing 232652648 bytes into ./Ref/star-index/SA_31 ; empty space on disk = 1341973704704 bytes ... done
Writing 219833648 bytes into ./Ref/star-index/SA_41 ; empty space on disk = 1341741051904 bytes ...Writing 182765576 bytes into ./Ref/star-index/SA_6 ; empty space on disk = 1341590982656 bytes ... done
 done
Writing 279360800 bytes into ./Ref/star-index/SA_14 ; empty space on disk = 1341338443776 bytes ... done
Writing 222015976 bytes into ./Ref/star-index/SA_24 ; empty space on disk = 1341058805760 bytes ... done
Writing 233130296 bytes into ./Ref/star-index/SA_27 ; empty space on disk = 1340836786176 bytes ... done
Writing 260632768 bytes into ./Ref/star-index/SA_35 ; empty space on disk = 1340603654144 bytes ... done
Writing 251879384 bytes into ./Ref/star-index/SA_53 ; empty space on disk = 1340343017472 bytes ... done
Writing 349429120 bytes into ./Ref/star-index/SA_15 ; empty space on disk = 1340091138048 bytes ... done
Writing 232652472 bytes into ./Ref/star-index/SA_49 ; empty space on disk = 1339741708288 bytes ... done
Writing 233129704 bytes into ./Ref/star-index/SA_11 ; empty space on disk = 1339509055488 bytes ... done
Writing 240280664 bytes into ./Ref/star-index/SA_23 ; empty space on disk = 1339275923456 bytes ... done
Writing 263255192 bytes into ./Ref/star-index/SA_17 ; empty space on disk = 1339035639808 bytes ... done
Writing 348954448 bytes into ./Ref/star-index/SA_12 ; empty space on disk = 1338772381696 bytes ... done
Writing 288133072 bytes into ./Ref/star-index/SA_5 ; empty space on disk = 1338423427072 bytes ... done
Writing 225454944 bytes into ./Ref/star-index/SA_7 ; empty space on disk = 1338135019520 bytes ... done
Writing 225813256 bytes into ./Ref/star-index/SA_56 ; empty space on disk = 1337909563392 bytes ... done
Writing 249813248 bytes into ./Ref/star-index/SA_19 ; empty space on disk = 1337683746816 bytes ... done
Writing 225456096 bytes into ./Ref/star-index/SA_42 ; empty space on disk = 1337433931776 bytes ... done
Writing 320558568 bytes into ./Ref/star-index/SA_8 ; empty space on disk = 1337208475648 bytes ... done
Writing 270731576 bytes into ./Ref/star-index/SA_1 ; empty space on disk = 1336887640064 bytes ... done
Writing 267890920 bytes into ./Ref/star-index/SA_30 ; empty space on disk = 1336616906752 bytes ... done
Writing 328482336 bytes into ./Ref/star-index/SA_46 ; empty space on disk = 1336348737536 bytes ... done
Writing 346946360 bytes into ./Ref/star-index/SA_2 ; empty space on disk = 1336020254720 bytes ... done
Writing 473294528 bytes into ./Ref/star-index/SA_3 ; empty space on disk = 1335673307136 bytes ... done
Writing 374927520 bytes into ./Ref/star-index/SA_28 ; empty space on disk = 1335199731712 bytes ... done
Writing 473294528 bytes into ./Ref/star-index/SA_58 ; empty space on disk = 1334824525824 bytes ... done
Writing 726113688 bytes into ./Ref/star-index/SA_0 ; empty space on disk = 1334350389248 bytes ... done
Writing 7792 bytes into ./Ref/star-index/SA_104 ; empty space on disk = 1333623447552 bytes ... done
Writing 37912464 bytes into ./Ref/star-index/SA_94 ; empty space on disk = 1333623164928 bytes ... done
Writing 115561088 bytes into ./Ref/star-index/SA_117 ; empty space on disk = 1333584977920 bytes ... done
Writing 140179040 bytes into ./Ref/star-index/SA_111 ; empty space on disk = 1333469405184 bytes ... done
Writing 126138792 bytes into ./Ref/star-index/SA_89 ; empty space on disk = 1333328949248 bytes ... done
Writing 172228280 bytes into ./Ref/star-index/SA_100 ; empty space on disk = 1333202808832 bytes ... done
Writing 127457352 bytes into ./Ref/star-index/SA_110 ; empty space on disk = 1333030580224 bytes ... done
Writing 197926168 bytes into ./Ref/star-index/SA_63 ; empty space on disk = 1332903120896 bytes ... done
Writing 181455984 bytes into ./Ref/star-index/SA_88 ; empty space on disk = 1332705189888 bytes ... done
Writing 221744480 bytes into ./Ref/star-index/SA_73 ; empty space on disk = 1332523732992 bytes ... done
Writing 139199192 bytes into ./Ref/star-index/SA_106 ; empty space on disk = 1332301975552 bytes ... done
Writing 170551752 bytes into ./Ref/star-index/SA_72 ; empty space on disk = 1332162772992 bytes ... done
Writing 129408960 bytes into ./Ref/star-index/SA_90 ; empty space on disk = 1331992219648 bytes ... done
Writing 142406368 bytes into ./Ref/star-index/SA_113 ; empty space on disk = 1331862806528 bytes ...Writing 188858392 bytes into ./Ref/star-index/SA_80 ; empty space on disk = 1331826139136 bytes ... done
 done
Writing 170551752 bytes into ./Ref/star-index/SA_118 ; empty space on disk = 1331531534336 bytes ... done
Writing 191397016 bytes into ./Ref/star-index/SA_71 ; empty space on disk = 1331360980992 bytes ... done
Writing 170049696 bytes into ./Ref/star-index/SA_91 ; empty space on disk = 1331169583104 bytes ... done
Writing 206866560 bytes into ./Ref/star-index/SA_78 ; empty space on disk = 1330999529472 bytes ... done
Writing 257600160 bytes into ./Ref/star-index/SA_69 ; empty space on disk = 1330792660992 bytes ... done
Writing 242101688 bytes into ./Ref/star-index/SA_79 ; empty space on disk = 1330535059456 bytes ... done
Writing 222645088 bytes into ./Ref/star-index/SA_65 ; empty space on disk = 1330292957184 bytes ...Writing 217330648 bytes into ./Ref/star-index/SA_68 ; empty space on disk = 1330167861248 bytes ... done
 done
Writing 222639984 bytes into ./Ref/star-index/SA_83 ; empty space on disk = 1329852977152 bytes ... done
Writing 207083552 bytes into ./Ref/star-index/SA_70 ; empty space on disk = 1329630060544 bytes ... done
Writing 222639984 bytes into ./Ref/star-index/SA_114 ; empty space on disk = 1329422974976 bytes ...Writing 257600160 bytes into ./Ref/star-index/SA_84 ; empty space on disk = 1329369722880 bytes ... done
 done
Writing 151393808 bytes into ./Ref/star-index/SA_116 ; empty space on disk = 1328942731264 bytes ... done
Writing 257313984 bytes into ./Ref/star-index/SA_77 ; empty space on disk = 1328791334912 bytes ...Writing 149959032 bytes into ./Ref/star-index/SA_61 ; empty space on disk = 1328658239488 bytes ...Writing 175623648 bytes into ./Ref/star-index/SA_109 ; empty space on disk = 1328595910656 bytes ... done
 done
 done
Writing 190697920 bytes into ./Ref/star-index/SA_76 ; empty space on disk = 1328208433152 bytes ... done
Writing 202646624 bytes into ./Ref/star-index/SA_62 ; empty space on disk = 1328017731584 bytes ... done
Writing 257313984 bytes into ./Ref/star-index/SA_98 ; empty space on disk = 1327815081984 bytes ... done
Writing 242681752 bytes into ./Ref/star-index/SA_81 ; empty space on disk = 1327557767168 bytes ... done
Writing 209651048 bytes into ./Ref/star-index/SA_75 ; empty space on disk = 1327315079168 bytes ... done
Writing 229338656 bytes into ./Ref/star-index/SA_93 ; empty space on disk = 1327105425408 bytes ... done
Writing 201693520 bytes into ./Ref/star-index/SA_82 ; empty space on disk = 1326876086272 bytes ... done
Writing 194107224 bytes into ./Ref/star-index/SA_119 ; empty space on disk = 1326674116608 bytes ... done
Writing 202646624 bytes into ./Ref/star-index/SA_102 ; empty space on disk = 1326479728640 bytes ... done
Writing 219833880 bytes into ./Ref/star-index/SA_66 ; empty space on disk = 1326277079040 bytes ... done
Writing 238015968 bytes into ./Ref/star-index/SA_96 ; empty space on disk = 1326057242624 bytes ... done
Writing 166936984 bytes into ./Ref/star-index/SA_115 ; empty space on disk = 1325819224064 bytes ... done
Writing 208892112 bytes into ./Ref/star-index/SA_97 ; empty space on disk = 1325652283392 bytes ... done
Writing 219682344 bytes into ./Ref/star-index/SA_86 ; empty space on disk = 1325443387392 bytes ... done
Writing 263253504 bytes into ./Ref/star-index/SA_112 ; empty space on disk = 1325223702528 bytes ...Writing 279360800 bytes into ./Ref/star-index/SA_74 ; empty space on disk = 1324990083072 bytes ... done
 done
Writing 223658712 bytes into ./Ref/star-index/SA_107 ; empty space on disk = 1324681084928 bytes ...Writing 223658712 bytes into ./Ref/star-index/SA_101 ; empty space on disk = 1324649267200 bytes ... done
 done
Writing 260094552 bytes into ./Ref/star-index/SA_92 ; empty space on disk = 1324233756672 bytes ... done
Writing 246318592 bytes into ./Ref/star-index/SA_85 ; empty space on disk = 1323973386240 bytes ... done
Writing 249813248 bytes into ./Ref/star-index/SA_99 ; empty space on disk = 1323727065088 bytes ... done
Writing 225813616 bytes into ./Ref/star-index/SA_108 ; empty space on disk = 1323477245952 bytes ... done
Writing 268922584 bytes into ./Ref/star-index/SA_64 ; empty space on disk = 1323251429376 bytes ...Writing 267890920 bytes into ./Ref/star-index/SA_95 ; empty space on disk = 1323193221120 bytes ... done
 done
Writing 224967984 bytes into ./Ref/star-index/SA_87 ; empty space on disk = 1322714611712 bytes ... done
Writing 272020888 bytes into ./Ref/star-index/SA_67 ; empty space on disk = 1322489638912 bytes ... done
Writing 348678240 bytes into ./Ref/star-index/SA_60 ; empty space on disk = 1322217340928 bytes ... done
Writing 346946360 bytes into ./Ref/star-index/SA_103 ; empty space on disk = 1321868111872 bytes ... done
Writing 4488 bytes into ./Ref/star-index/SA_159 ; empty space on disk = 1321520885760 bytes ... done
Writing 358856000 bytes into ./Ref/star-index/SA_105 ; empty space on disk = 1321520599040 bytes ... done
Writing 103856760 bytes into ./Ref/star-index/SA_132 ; empty space on disk = 1321161191424 bytes ... done
Writing 128565816 bytes into ./Ref/star-index/SA_139 ; empty space on disk = 1321057333248 bytes ... done
Writing 102462168 bytes into ./Ref/star-index/SA_142 ; empty space on disk = 1320928763904 bytes ... done
Writing 120043224 bytes into ./Ref/star-index/SA_149 ; empty space on disk = 1320826298368 bytes ... done
Writing 143171880 bytes into ./Ref/star-index/SA_140 ; empty space on disk = 1320706252800 bytes ... done
Writing 146470168 bytes into ./Ref/star-index/SA_148 ; empty space on disk = 1320563077120 bytes ... done
Writing 172228096 bytes into ./Ref/star-index/SA_162 ; empty space on disk = 1320416604160 bytes ... done
Writing 136463456 bytes into ./Ref/star-index/SA_161 ; empty space on disk = 1320244375552 bytes ... done
Writing 131145472 bytes into ./Ref/star-index/SA_152 ; empty space on disk = 1320107909120 bytes ... done
Writing 136463456 bytes into ./Ref/star-index/SA_155 ; empty space on disk = 1319976763392 bytes ... done
Writing 131145472 bytes into ./Ref/star-index/SA_121 ; empty space on disk = 1319840296960 bytes ... done
Writing 157185792 bytes into ./Ref/star-index/SA_147 ; empty space on disk = 1319709151232 bytes ... done
Writing 161753544 bytes into ./Ref/star-index/SA_125 ; empty space on disk = 1319551963136 bytes ... done
Writing 177704176 bytes into ./Ref/star-index/SA_143 ; empty space on disk = 1319390208000 bytes ... done
Writing 184939144 bytes into ./Ref/star-index/SA_135 ; empty space on disk = 1319212503040 bytes ... done
Writing 151297768 bytes into ./Ref/star-index/SA_144 ; empty space on disk = 1319027441664 bytes ... done
Writing 139199192 bytes into ./Ref/star-index/SA_156 ; empty space on disk = 1318875987968 bytes ... done
Writing 187286264 bytes into ./Ref/star-index/SA_137 ; empty space on disk = 1318736785408 bytes ...Writing 165455912 bytes into ./Ref/star-index/SA_145 ; empty space on disk = 1318591799296 bytes ... done
 done
Writing 186805328 bytes into ./Ref/star-index/SA_124 ; empty space on disk = 1318384037888 bytes ... done
Writing 160432896 bytes into ./Ref/star-index/SA_123 ; empty space on disk = 1318197231616 bytes ... done
Writing 142406368 bytes into ./Ref/star-index/SA_128 ; empty space on disk = 1318036795392 bytes ... done
Writing 181367552 bytes into ./Ref/star-index/SA_136 ; empty space on disk = 1317894385664 bytes ... done
Writing 274815336 bytes into ./Ref/star-index/SA_163 ; empty space on disk = 1317713014784 bytes ... done
Writing 122901912 bytes into ./Ref/star-index/SA_168 ; empty space on disk = 1317438197760 bytes ... done
Writing 179152016 bytes into ./Ref/star-index/SA_120 ; empty space on disk = 1317315293184 bytes ...Writing 155968400 bytes into ./Ref/star-index/SA_134 ; empty space on disk = 1317222215680 bytes ... done
 done
Writing 173521824 bytes into ./Ref/star-index/SA_130 ; empty space on disk = 1316980166656 bytes ... done
Writing 245993000 bytes into ./Ref/star-index/SA_141 ; empty space on disk = 1316806643712 bytes ... done
Writing 131810720 bytes into ./Ref/star-index/SA_165 ; empty space on disk = 1316560650240 bytes ... done
Writing 133114680 bytes into ./Ref/star-index/SA_169 ; empty space on disk = 1316428832768 bytes ... done
Writing 217330648 bytes into ./Ref/star-index/SA_129 ; empty space on disk = 1316295442432 bytes ... done
Writing 190697920 bytes into ./Ref/star-index/SA_153 ; empty space on disk = 1316078108672 bytes ... done
Writing 149959032 bytes into ./Ref/star-index/SA_157 ; empty space on disk = 1315887407104 bytes ... done
Writing 208242584 bytes into ./Ref/star-index/SA_146 ; empty space on disk = 1315737444352 bytes ... done
Writing 229338656 bytes into ./Ref/star-index/SA_133 ; empty space on disk = 1315529199616 bytes ... done
Writing 176746648 bytes into ./Ref/star-index/SA_150 ; empty space on disk = 1315299860480 bytes ... done
Writing 204760768 bytes into ./Ref/star-index/SA_138 ; empty space on disk = 1315123109888 bytes ... done
Writing 154652680 bytes into ./Ref/star-index/SA_170 ; empty space on disk = 1314918346752 bytes ... done
Writing 199087456 bytes into ./Ref/star-index/SA_151 ; empty space on disk = 1314763689984 bytes ... done
Writing 176334688 bytes into ./Ref/star-index/SA_166 ; empty space on disk = 1314564599808 bytes ... done
Writing 222739040 bytes into ./Ref/star-index/SA_164 ; empty space on disk = 1314388262912 bytes ... done
Writing 229290856 bytes into ./Ref/star-index/SA_126 ; empty space on disk = 1314164973568 bytes ... done
Writing 190470704 bytes into ./Ref/star-index/SA_154 ; empty space on disk = 1313935679488 bytes ... done
Writing 211938888 bytes into ./Ref/star-index/SA_127 ; empty space on disk = 1313745207296 bytes ... done
Writing 208892112 bytes into ./Ref/star-index/SA_122 ; empty space on disk = 1313533267968 bytes ... done
Writing 191397016 bytes into ./Ref/star-index/SA_173 ; empty space on disk = 1313324371968 bytes ... done
Writing 243875936 bytes into ./Ref/star-index/SA_178 ; empty space on disk = 1313132969984 bytes ... done
Writing 151393808 bytes into ./Ref/star-index/SA_172 ; empty space on disk = 1312889090048 bytes ... done
Writing 275687456 bytes into ./Ref/star-index/SA_171 ; empty space on disk = 1312737693696 bytes ... done
Writing 199087456 bytes into ./Ref/star-index/SA_176 ; empty space on disk = 1312462004224 bytes ... done
Writing 238015720 bytes into ./Ref/star-index/SA_177 ; empty space on disk = 1312262914048 bytes ... done
Writing 383438264 bytes into ./Ref/star-index/SA_160 ; empty space on disk = 1312024891392 bytes ... done
Writing 4024 bytes into ./Ref/star-index/SA_187 ; empty space on disk = 1311641452544 bytes ... done
Writing 241663744 bytes into ./Ref/star-index/SA_131 ; empty space on disk = 1311641174016 bytes ... done
Writing 196384160 bytes into ./Ref/star-index/SA_167 ; empty space on disk = 1311399510016 bytes ... done
Writing 296 bytes into ./Ref/star-index/SA_217 ; empty space on disk = 1311203119104 bytes ... done
Writing 224 bytes into ./Ref/star-index/SA_208 ; empty space on disk = 1311203115008 bytes ... done
Writing 1464 bytes into ./Ref/star-index/SA_203 ; empty space on disk = 1311203110912 bytes ... done
Writing 237456544 bytes into ./Ref/star-index/SA_179 ; empty space on disk = 1311203106816 bytes ... done
Writing 270731576 bytes into ./Ref/star-index/SA_158 ; empty space on disk = 1310965649408 bytes ... done
Writing 348954448 bytes into ./Ref/star-index/SA_174 ; empty space on disk = 1310694916096 bytes ... done
Writing 7672 bytes into ./Ref/star-index/SA_222 ; empty space on disk = 1310345961472 bytes ... done
Writing 247153904 bytes into ./Ref/star-index/SA_175 ; empty space on disk = 1310345953280 bytes ... done
Writing 28046136 bytes into ./Ref/star-index/SA_211 ; empty space on disk = 1310098796544 bytes ... done
Writing 146470168 bytes into ./Ref/star-index/SA_189 ; empty space on disk = 1310070747136 bytes ... done
Writing 106457896 bytes into ./Ref/star-index/SA_182 ; empty space on disk = 1309923717120 bytes ... done
Writing 232737928 bytes into ./Ref/star-index/SA_180 ; empty space on disk = 1309816983552 bytes ... done
Writing 260632768 bytes into ./Ref/star-index/SA_181 ; empty space on disk = 1309584244736 bytes ... done
Writing 165455912 bytes into ./Ref/star-index/SA_205 ; empty space on disk = 1309323329536 bytes ... done
Writing 186805328 bytes into ./Ref/star-index/SA_196 ; empty space on disk = 1309157871616 bytes ... done
Writing 198164584 bytes into ./Ref/star-index/SA_198 ; empty space on disk = 1308971065344 bytes ... done
Writing 181455984 bytes into ./Ref/star-index/SA_206 ; empty space on disk = 1308772896768 bytes ... done
Writing 179152016 bytes into ./Ref/star-index/SA_214 ; empty space on disk = 1308591439872 bytes ... done
Writing 212128744 bytes into ./Ref/star-index/SA_193 ; empty space on disk = 1308412010496 bytes ... done
Writing 242101688 bytes into ./Ref/star-index/SA_197 ; empty space on disk = 1308199604224 bytes ...Writing 196384160 bytes into ./Ref/star-index/SA_183 ; empty space on disk = 1308124889088 bytes ... done
 done
Writing 263253504 bytes into ./Ref/star-index/SA_184 ; empty space on disk = 1307761115136 bytes ...Writing 175623648 bytes into ./Ref/star-index/SA_200 ; empty space on disk = 1307664666624 bytes ... done
 done
Writing 209649680 bytes into ./Ref/star-index/SA_215 ; empty space on disk = 1307322236928 bytes ... done
Writing 218679160 bytes into ./Ref/star-index/SA_191 ; empty space on disk = 1307112579072 bytes ... done
Writing 308318112 bytes into ./Ref/star-index/SA_204 ; empty space on disk = 1306893897728 bytes ... done
Writing 222738880 bytes into ./Ref/star-index/SA_199 ; empty space on disk = 1306585571328 bytes ... done
Writing 311715080 bytes into ./Ref/star-index/SA_207 ; empty space on disk = 1306362830848 bytes ... done
Writing 260094552 bytes into ./Ref/star-index/SA_190 ; empty space on disk = 1306051112960 bytes ... done
Writing 229330840 bytes into ./Ref/star-index/SA_194 ; empty space on disk = 1305790742528 bytes ... done
Writing 263255192 bytes into ./Ref/star-index/SA_216 ; empty space on disk = 1305561411584 bytes ... done
Writing 238162912 bytes into ./Ref/star-index/SA_192 ; empty space on disk = 1305298145280 bytes ... done
Writing 241663744 bytes into ./Ref/star-index/SA_210 ; empty space on disk = 1305059979264 bytes ... done
Writing 237456544 bytes into ./Ref/star-index/SA_195 ; empty space on disk = 1304818311168 bytes ... done
Writing 320558568 bytes into ./Ref/star-index/SA_186 ; empty space on disk = 1304580853760 bytes ... done
Writing 288133072 bytes into ./Ref/star-index/SA_202 ; empty space on disk = 1304260292608 bytes ... done
Writing 247154888 bytes into ./Ref/star-index/SA_213 ; empty space on disk = 1303971885056 bytes ... done
Writing 302888112 bytes into ./Ref/star-index/SA_188 ; empty space on disk = 1303724728320 bytes ... done
Writing 268922584 bytes into ./Ref/star-index/SA_201 ; empty space on disk = 1303421558784 bytes ... done
Writing 272020888 bytes into ./Ref/star-index/SA_185 ; empty space on disk = 1303152635904 bytes ... done
Writing 383438264 bytes into ./Ref/star-index/SA_218 ; empty space on disk = 1302880604160 bytes ... done
Writing 302888112 bytes into ./Ref/star-index/SA_209 ; empty space on disk = 1302496600064 bytes ... done
Writing 374927520 bytes into ./Ref/star-index/SA_212 ; empty space on disk = 1302193709056 bytes ... done
Writing 348678240 bytes into ./Ref/star-index/SA_220 ; empty space on disk = 1301818777600 bytes ... done
Writing 358856000 bytes into ./Ref/star-index/SA_219 ; empty space on disk = 1301469814784 bytes ... done
Writing 726113688 bytes into ./Ref/star-index/SA_221 ; empty space on disk = 1301109305344 bytes ... done
Apr 05 21:57:42 ... loading chunks from disk, packing SA...
Apr 05 21:59:30 ... finished generating suffix array
Apr 05 21:59:30 ... generating Suffix Array index
Apr 05 22:07:45 ... completed Suffix Array index
Apr 05 22:07:45 ..... processing annotations GTF
Processing pGe.sjdbGTFfile=./Ref/gencode/gencode.v29.annotation.gtf, found:
		206694 transcripts
		1262773 exons (non-collapsed)
		361398 collapsed junctions
Apr 05 22:08:08 ..... finished GTF processing
Apr 05 22:08:08   Loaded database junctions from the GTF file: ./Ref/gencode/gencode.v29.annotation.gtf: 361398 total junctions

WARNING: long repeat for junction # 261381 : chr15 88855522 88855578; left shift = 14; right shift = 255
Apr 05 22:08:09   Finished preparing junctions
Apr 05 22:08:09 ..... inserting junctions into the genome indices
Apr 05 22:08:38   Finished SA search: number of new junctions=361339, old junctions=0
Apr 05 22:10:21   Finished sorting SA indicesL nInd=216803374
Apr 05 22:12:29   Finished inserting junction indices
Apr 05 22:13:44   Finished SAi
Apr 05 22:13:45 ..... finished inserting junctions into genome
Apr 05 22:13:45 ... writing Genome to disk ...
Writing 3247151007 bytes into ./Ref/star-index/Genome ; empty space on disk = 1347442753536 bytes ... done
SA size in bytes: 25220492900
Apr 05 22:13:50 ... writing Suffix Array to disk ...
Writing 25220492900 bytes into ./Ref/star-index/SA ; empty space on disk = 1344195596288 bytes ... done
Apr 05 22:14:26 ... writing SAindex to disk
Writing 8 bytes into ./Ref/star-index/SAindex ; empty space on disk = 1318974271488 bytes ... done
Writing 120 bytes into ./Ref/star-index/SAindex ; empty space on disk = 1318974271488 bytes ... done
Writing 1565873491 bytes into ./Ref/star-index/SAindex ; empty space on disk = 1318974271488 bytes ... done
Apr 05 22:14:32 ..... finished successfully
DONE: Genome generation, EXITING
